2019-07-23 21:05:17.187  INFO 10777 --- [main] c.t.parking_lot.ParkingLotApplication    : Starting ParkingLotApplication on bogon with PID 10777 (/Users/licankun/IdeaProjects/Parking-Lot-Template-2019-7-18-8-5-49/out/production/classes started by licankun in /Users/licankun/IdeaProjects/Parking-Lot-Template-2019-7-18-8-5-49)
2019-07-23 21:05:17.189  INFO 10777 --- [main] c.t.parking_lot.ParkingLotApplication    : No active profile set, falling back to default profiles: default
2019-07-23 21:05:17.989  INFO 10777 --- [main] .s.d.r.c.RepositoryConfigurationDelegate : Bootstrapping Spring Data repositories in DEFAULT mode.
2019-07-23 21:05:18.065  INFO 10777 --- [main] .s.d.r.c.RepositoryConfigurationDelegate : Finished Spring Data repository scanning in 61ms. Found 2 repository interfaces.
2019-07-23 21:05:18.376  INFO 10777 --- [main] trationDelegate$BeanPostProcessorChecker : Bean 'org.springframework.transaction.annotation.ProxyTransactionManagementConfiguration' of type [org.springframework.transaction.annotation.ProxyTransactionManagementConfiguration$$EnhancerBySpringCGLIB$$1a2ee268] is not eligible for getting processed by all BeanPostProcessors (for example: not eligible for auto-proxying)
2019-07-23 21:05:18.607  INFO 10777 --- [main] o.s.b.w.embedded.tomcat.TomcatWebServer  : Tomcat initialized with port(s): 8089 (http)
2019-07-23 21:05:18.625  INFO 10777 --- [main] o.apache.catalina.core.StandardService   : Starting service [Tomcat]
2019-07-23 21:05:18.625  INFO 10777 --- [main] org.apache.catalina.core.StandardEngine  : Starting Servlet engine: [Apache Tomcat/9.0.21]
2019-07-23 21:05:18.718  INFO 10777 --- [main] o.a.c.c.C.[Tomcat].[localhost].[/]       : Initializing Spring embedded WebApplicationContext
2019-07-23 21:05:18.718 DEBUG 10777 --- [main] o.s.web.context.ContextLoader            : Published root WebApplicationContext as ServletContext attribute with name [org.springframework.web.context.WebApplicationContext.ROOT]
2019-07-23 21:05:18.718  INFO 10777 --- [main] o.s.web.context.ContextLoader            : Root WebApplicationContext: initialization completed in 1495 ms
2019-07-23 21:05:19.100  INFO 10777 --- [main] o.f.c.internal.license.VersionPrinter    : Flyway Community Edition 5.2.4 by Boxfuse
2019-07-23 21:05:19.101  INFO 10777 --- [main] com.zaxxer.hikari.HikariDataSource       : HikariPool-1 - Starting...
2019-07-23 21:05:19.219  INFO 10777 --- [main] com.zaxxer.hikari.HikariDataSource       : HikariPool-1 - Start completed.
2019-07-23 21:05:19.223  INFO 10777 --- [main] o.f.c.internal.database.DatabaseFactory  : Database: jdbc:h2:file:./h2/test (H2 1.4)
2019-07-23 21:05:19.244  WARN 10777 --- [main] o.f.c.internal.database.base.Database    : Flyway upgrade recommended: H2 1.4.199 is newer than this version of Flyway and support has not been tested.
2019-07-23 21:05:19.279  INFO 10777 --- [main] o.f.core.internal.command.DbValidate     : Successfully validated 2 migrations (execution time 00:00.010s)
2019-07-23 21:05:19.286  INFO 10777 --- [main] o.f.c.i.s.JdbcTableSchemaHistory         : Creating Schema History table: "PUBLIC"."flyway_schema_history"
2019-07-23 21:05:19.301  INFO 10777 --- [main] o.f.core.internal.command.DbMigrate      : Current version of schema "PUBLIC": << Empty Schema >>
2019-07-23 21:05:19.302  INFO 10777 --- [main] o.f.core.internal.command.DbMigrate      : Migrating schema "PUBLIC" to version 1 - create parkinglot table
2019-07-23 21:05:19.313  INFO 10777 --- [main] o.f.core.internal.command.DbMigrate      : Migrating schema "PUBLIC" to version 2 - create todo table
2019-07-23 21:05:19.320  INFO 10777 --- [main] o.f.core.internal.command.DbMigrate      : Successfully applied 2 migrations to schema "PUBLIC" (execution time 00:00.036s)
2019-07-23 21:05:20.248  INFO 10777 --- [main] j.LocalContainerEntityManagerFactoryBean : Initialized JPA EntityManagerFactory for persistence unit 'default'
2019-07-23 21:05:20.740 DEBUG 10777 --- [main] o.s.w.s.handler.SimpleUrlHandlerMapping  : Patterns [/**/favicon.ico] in 'faviconHandlerMapping'
2019-07-23 21:05:20.867  INFO 10777 --- [main] o.s.s.concurrent.ThreadPoolTaskExecutor  : Initializing ExecutorService 'applicationTaskExecutor'
2019-07-23 21:05:20.878 DEBUG 10777 --- [main] s.w.s.m.m.a.RequestMappingHandlerAdapter : ControllerAdvice beans: 0 @ModelAttribute, 0 @InitBinder, 1 RequestBodyAdvice, 1 ResponseBodyAdvice
2019-07-23 21:05:20.898  WARN 10777 --- [main] aWebConfiguration$JpaWebMvcConfiguration : spring.jpa.open-in-view is enabled by default. Therefore, database queries may be performed during view rendering. Explicitly configure spring.jpa.open-in-view to disable this warning
2019-07-23 21:05:20.927 DEBUG 10777 --- [main] s.w.s.m.m.a.RequestMappingHandlerMapping : 12 mappings in 'requestMappingHandlerMapping'
2019-07-23 21:05:20.936 DEBUG 10777 --- [main] o.s.w.s.handler.SimpleUrlHandlerMapping  : Patterns [/webjars/**, /**] in 'resourceHandlerMapping'
2019-07-23 21:05:20.944 DEBUG 10777 --- [main] .m.m.a.ExceptionHandlerExceptionResolver : ControllerAdvice beans: 0 @ExceptionHandler, 1 ResponseBodyAdvice
2019-07-23 21:05:21.251  INFO 10777 --- [main] o.s.b.a.e.web.EndpointLinksResolver      : Exposing 2 endpoint(s) beneath base path '/actuator'
2019-07-23 21:05:21.321  INFO 10777 --- [main] o.s.b.w.embedded.tomcat.TomcatWebServer  : Tomcat started on port(s): 8089 (http) with context path ''
2019-07-23 21:05:21.323  INFO 10777 --- [main] c.t.parking_lot.ParkingLotApplication    : Started ParkingLotApplication in 4.47 seconds (JVM running for 7.912)
2019-07-23 21:06:07.563  INFO 10777 --- [http-nio-8089-exec-1] o.a.c.c.C.[Tomcat].[localhost].[/]       : Initializing Spring DispatcherServlet 'dispatcherServlet'
2019-07-23 21:06:07.563  INFO 10777 --- [http-nio-8089-exec-1] o.s.web.servlet.DispatcherServlet        : Initializing Servlet 'dispatcherServlet'
2019-07-23 21:06:07.563 DEBUG 10777 --- [http-nio-8089-exec-1] o.s.web.servlet.DispatcherServlet        : Detected StandardServletMultipartResolver
2019-07-23 21:06:07.572 DEBUG 10777 --- [http-nio-8089-exec-1] o.s.web.servlet.DispatcherServlet        : enableLoggingRequestDetails='false': request parameters and headers will be masked to prevent unsafe logging of potentially sensitive data
2019-07-23 21:06:07.573  INFO 10777 --- [http-nio-8089-exec-1] o.s.web.servlet.DispatcherServlet        : Completed initialization in 10 ms
2019-07-23 21:06:07.585 DEBUG 10777 --- [http-nio-8089-exec-1] o.s.web.servlet.DispatcherServlet        : GET "/todos", parameters={}
2019-07-23 21:06:07.593 DEBUG 10777 --- [http-nio-8089-exec-1] s.w.s.m.m.a.RequestMappingHandlerMapping : Mapped to public java.util.List<com.thoughtworks.parking_lot.entity.Todo> com.thoughtworks.parking_lot.controller.TodoController.loadAllTodos()
2019-07-23 21:06:07.670 DEBUG 10777 --- [http-nio-8089-exec-1] m.m.a.RequestResponseBodyMethodProcessor : Using 'application/json', given [*/*] and supported [application/json, application/*+json, application/json, application/*+json]
2019-07-23 21:06:07.671 DEBUG 10777 --- [http-nio-8089-exec-1] m.m.a.RequestResponseBodyMethodProcessor : Writing [[]]
2019-07-23 21:06:07.686 DEBUG 10777 --- [http-nio-8089-exec-1] o.s.web.servlet.DispatcherServlet        : Completed 200 OK
2019-07-23 21:07:09.825 DEBUG 10777 --- [http-nio-8089-exec-4] o.s.web.servlet.DispatcherServlet        : GET "/", parameters={}
2019-07-23 21:07:09.830 DEBUG 10777 --- [http-nio-8089-exec-4] o.s.w.s.handler.SimpleUrlHandlerMapping  : Mapped to ResourceHttpRequestHandler ["classpath:/META-INF/resources/", "classpath:/resources/", "classpath:/static/", "classpath:/public/", "/"]
2019-07-23 21:07:09.831 DEBUG 10777 --- [http-nio-8089-exec-4] o.s.w.s.r.ResourceHttpRequestHandler     : Resource not found
2019-07-23 21:07:09.831 DEBUG 10777 --- [http-nio-8089-exec-4] o.s.web.servlet.DispatcherServlet        : Completed 404 NOT_FOUND
2019-07-23 21:07:09.836 DEBUG 10777 --- [http-nio-8089-exec-4] o.s.web.servlet.DispatcherServlet        : "ERROR" dispatch for GET "/error", parameters={}
2019-07-23 21:07:09.840 DEBUG 10777 --- [http-nio-8089-exec-4] s.w.s.m.m.a.RequestMappingHandlerMapping : Mapped to public org.springframework.web.servlet.ModelAndView org.springframework.boot.autoconfigure.web.servlet.error.BasicErrorController.errorHtml(javax.servlet.http.HttpServletRequest,javax.servlet.http.HttpServletResponse)
2019-07-23 21:07:09.855 DEBUG 10777 --- [http-nio-8089-exec-4] o.s.w.s.v.ContentNegotiatingViewResolver : Selected 'text/html' given [text/html, text/html;q=0.8]
2019-07-23 21:07:09.863 DEBUG 10777 --- [http-nio-8089-exec-4] o.s.web.servlet.DispatcherServlet        : Exiting from "ERROR" dispatch, status 404
2019-07-23 21:07:10.344 DEBUG 10777 --- [http-nio-8089-exec-5] o.s.web.servlet.DispatcherServlet        : GET "/favicon.ico", parameters={}
2019-07-23 21:07:10.344 DEBUG 10777 --- [http-nio-8089-exec-5] o.s.w.s.handler.SimpleUrlHandlerMapping  : Mapped to ResourceHttpRequestHandler [class path resource [META-INF/resources/], class path resource [resources/], class path resource [static/], class path resource [public/], ServletContext resource [/], class path resource []]
2019-07-23 21:07:10.352 DEBUG 10777 --- [http-nio-8089-exec-5] o.s.web.servlet.DispatcherServlet        : Completed 200 OK
2019-07-23 21:07:14.988 DEBUG 10777 --- [http-nio-8089-exec-6] o.s.web.servlet.DispatcherServlet        : GET "/todos", parameters={}
2019-07-23 21:07:14.991 DEBUG 10777 --- [http-nio-8089-exec-6] s.w.s.m.m.a.RequestMappingHandlerMapping : Mapped to public java.util.List<com.thoughtworks.parking_lot.entity.Todo> com.thoughtworks.parking_lot.controller.TodoController.loadAllTodos()
2019-07-23 21:07:14.999 DEBUG 10777 --- [http-nio-8089-exec-6] m.m.a.RequestResponseBodyMethodProcessor : Using 'application/json;q=0.8', given [text/html, application/xhtml+xml, image/webp, image/apng, application/signed-exchange;v=b3, application/xml;q=0.9, */*;q=0.8] and supported [application/json, application/*+json, application/json, application/*+json]
2019-07-23 21:07:14.999 DEBUG 10777 --- [http-nio-8089-exec-6] m.m.a.RequestResponseBodyMethodProcessor : Writing [[]]
2019-07-23 21:07:15.001 DEBUG 10777 --- [http-nio-8089-exec-6] o.s.web.servlet.DispatcherServlet        : Completed 200 OK
2019-07-23 21:07:20.630  INFO 10777 --- [Thread-13] o.s.s.concurrent.ThreadPoolTaskExecutor  : Shutting down ExecutorService 'applicationTaskExecutor'
2019-07-23 21:07:20.632  INFO 10777 --- [Thread-13] j.LocalContainerEntityManagerFactoryBean : Closing JPA EntityManagerFactory for persistence unit 'default'
2019-07-23 21:07:20.634  INFO 10777 --- [Thread-13] com.zaxxer.hikari.HikariDataSource       : HikariPool-1 - Shutdown initiated...
2019-07-23 21:07:20.636  INFO 10777 --- [Thread-13] com.zaxxer.hikari.HikariDataSource       : HikariPool-1 - Shutdown completed.
2019-07-23 21:07:47.274  INFO 10810 --- [main] c.t.parking_lot.ParkingLotApplication    : Starting ParkingLotApplication on bogon with PID 10810 (/Users/licankun/IdeaProjects/Parking-Lot-Template-2019-7-18-8-5-49/out/production/classes started by licankun in /Users/licankun/IdeaProjects/Parking-Lot-Template-2019-7-18-8-5-49)
2019-07-23 21:07:47.287  INFO 10810 --- [main] c.t.parking_lot.ParkingLotApplication    : No active profile set, falling back to default profiles: default
2019-07-23 21:07:47.976  INFO 10810 --- [main] .s.d.r.c.RepositoryConfigurationDelegate : Bootstrapping Spring Data repositories in DEFAULT mode.
2019-07-23 21:07:48.033  INFO 10810 --- [main] .s.d.r.c.RepositoryConfigurationDelegate : Finished Spring Data repository scanning in 50ms. Found 2 repository interfaces.
2019-07-23 21:07:48.341  INFO 10810 --- [main] trationDelegate$BeanPostProcessorChecker : Bean 'org.springframework.transaction.annotation.ProxyTransactionManagementConfiguration' of type [org.springframework.transaction.annotation.ProxyTransactionManagementConfiguration$$EnhancerBySpringCGLIB$$1cae6e17] is not eligible for getting processed by all BeanPostProcessors (for example: not eligible for auto-proxying)
2019-07-23 21:07:48.544  INFO 10810 --- [main] o.s.b.w.embedded.tomcat.TomcatWebServer  : Tomcat initialized with port(s): 8089 (http)
2019-07-23 21:07:48.564  INFO 10810 --- [main] o.apache.catalina.core.StandardService   : Starting service [Tomcat]
2019-07-23 21:07:48.564  INFO 10810 --- [main] org.apache.catalina.core.StandardEngine  : Starting Servlet engine: [Apache Tomcat/9.0.21]
2019-07-23 21:07:48.665  INFO 10810 --- [main] o.a.c.c.C.[Tomcat].[localhost].[/]       : Initializing Spring embedded WebApplicationContext
2019-07-23 21:07:48.665 DEBUG 10810 --- [main] o.s.web.context.ContextLoader            : Published root WebApplicationContext as ServletContext attribute with name [org.springframework.web.context.WebApplicationContext.ROOT]
2019-07-23 21:07:48.665  INFO 10810 --- [main] o.s.web.context.ContextLoader            : Root WebApplicationContext: initialization completed in 1349 ms
2019-07-23 21:07:49.081  INFO 10810 --- [main] o.f.c.internal.license.VersionPrinter    : Flyway Community Edition 5.2.4 by Boxfuse
2019-07-23 21:07:49.082  INFO 10810 --- [main] com.zaxxer.hikari.HikariDataSource       : HikariPool-1 - Starting...
2019-07-23 21:07:49.187  INFO 10810 --- [main] com.zaxxer.hikari.HikariDataSource       : HikariPool-1 - Start completed.
2019-07-23 21:07:49.190  INFO 10810 --- [main] o.f.c.internal.database.DatabaseFactory  : Database: jdbc:h2:file:./h2/test (H2 1.4)
2019-07-23 21:07:49.209  WARN 10810 --- [main] o.f.c.internal.database.base.Database    : Flyway upgrade recommended: H2 1.4.199 is newer than this version of Flyway and support has not been tested.
2019-07-23 21:07:49.247  INFO 10810 --- [main] o.f.core.internal.command.DbValidate     : Successfully validated 2 migrations (execution time 00:00.015s)
2019-07-23 21:07:49.257  INFO 10810 --- [main] o.f.core.internal.command.DbMigrate      : Current version of schema "PUBLIC": 2
2019-07-23 21:07:49.259  INFO 10810 --- [main] o.f.core.internal.command.DbMigrate      : Schema "PUBLIC" is up to date. No migration necessary.
2019-07-23 21:07:50.025  INFO 10810 --- [main] j.LocalContainerEntityManagerFactoryBean : Initialized JPA EntityManagerFactory for persistence unit 'default'
2019-07-23 21:07:50.427 DEBUG 10810 --- [main] o.s.w.s.handler.SimpleUrlHandlerMapping  : Patterns [/**/favicon.ico] in 'faviconHandlerMapping'
2019-07-23 21:07:50.543  INFO 10810 --- [main] o.s.s.concurrent.ThreadPoolTaskExecutor  : Initializing ExecutorService 'applicationTaskExecutor'
2019-07-23 21:07:50.553 DEBUG 10810 --- [main] s.w.s.m.m.a.RequestMappingHandlerAdapter : ControllerAdvice beans: 0 @ModelAttribute, 0 @InitBinder, 1 RequestBodyAdvice, 1 ResponseBodyAdvice
2019-07-23 21:07:50.571  WARN 10810 --- [main] aWebConfiguration$JpaWebMvcConfiguration : spring.jpa.open-in-view is enabled by default. Therefore, database queries may be performed during view rendering. Explicitly configure spring.jpa.open-in-view to disable this warning
2019-07-23 21:07:50.600 DEBUG 10810 --- [main] s.w.s.m.m.a.RequestMappingHandlerMapping : 12 mappings in 'requestMappingHandlerMapping'
2019-07-23 21:07:50.610 DEBUG 10810 --- [main] o.s.w.s.handler.SimpleUrlHandlerMapping  : Patterns [/webjars/**, /**] in 'resourceHandlerMapping'
2019-07-23 21:07:50.622 DEBUG 10810 --- [main] .m.m.a.ExceptionHandlerExceptionResolver : ControllerAdvice beans: 0 @ExceptionHandler, 1 ResponseBodyAdvice
2019-07-23 21:07:50.964  INFO 10810 --- [main] o.s.b.a.e.web.EndpointLinksResolver      : Exposing 2 endpoint(s) beneath base path '/actuator'
2019-07-23 21:07:51.039  INFO 10810 --- [main] o.s.b.w.embedded.tomcat.TomcatWebServer  : Tomcat started on port(s): 8089 (http) with context path ''
2019-07-23 21:07:51.041  INFO 10810 --- [main] c.t.parking_lot.ParkingLotApplication    : Started ParkingLotApplication in 4.107 seconds (JVM running for 4.781)
2019-07-23 21:07:56.399  INFO 10810 --- [http-nio-8089-exec-1] o.a.c.c.C.[Tomcat].[localhost].[/]       : Initializing Spring DispatcherServlet 'dispatcherServlet'
2019-07-23 21:07:56.400  INFO 10810 --- [http-nio-8089-exec-1] o.s.web.servlet.DispatcherServlet        : Initializing Servlet 'dispatcherServlet'
2019-07-23 21:07:56.400 DEBUG 10810 --- [http-nio-8089-exec-1] o.s.web.servlet.DispatcherServlet        : Detected StandardServletMultipartResolver
2019-07-23 21:07:56.408 DEBUG 10810 --- [http-nio-8089-exec-1] o.s.web.servlet.DispatcherServlet        : enableLoggingRequestDetails='false': request parameters and headers will be masked to prevent unsafe logging of potentially sensitive data
2019-07-23 21:07:56.408  INFO 10810 --- [http-nio-8089-exec-1] o.s.web.servlet.DispatcherServlet        : Completed initialization in 8 ms
2019-07-23 21:07:56.422 DEBUG 10810 --- [http-nio-8089-exec-1] o.s.web.servlet.DispatcherServlet        : GET "/todos", parameters={}
2019-07-23 21:07:56.429 DEBUG 10810 --- [http-nio-8089-exec-1] s.w.s.m.m.a.RequestMappingHandlerMapping : Mapped to public java.util.List<com.thoughtworks.parking_lot.entity.Todo> com.thoughtworks.parking_lot.controller.TodoController.loadAllTodos()
2019-07-23 21:08:22.406 DEBUG 10810 --- [http-nio-8089-exec-1] m.m.a.RequestResponseBodyMethodProcessor : Using 'application/json;q=0.8', given [text/html, application/xhtml+xml, image/webp, image/apng, application/signed-exchange;v=b3, application/xml;q=0.9, */*;q=0.8] and supported [application/json, application/*+json, application/json, application/*+json]
2019-07-23 21:08:22.407 DEBUG 10810 --- [http-nio-8089-exec-1] m.m.a.RequestResponseBodyMethodProcessor : Writing [[]]
2019-07-23 21:08:22.425 DEBUG 10810 --- [http-nio-8089-exec-1] o.s.web.servlet.DispatcherServlet        : Completed 200 OK
2019-07-23 21:10:00.480 DEBUG 10810 --- [http-nio-8089-exec-5] o.s.web.servlet.DispatcherServlet        : POST "/todos", parameters={}
2019-07-23 21:10:00.481 DEBUG 10810 --- [http-nio-8089-exec-5] s.w.s.m.m.a.RequestMappingHandlerMapping : Mapped to public java.lang.String com.thoughtworks.parking_lot.controller.TodoController.addTodo(com.thoughtworks.parking_lot.entity.Todo)
2019-07-23 21:10:00.546 DEBUG 10810 --- [http-nio-8089-exec-5] m.m.a.RequestResponseBodyMethodProcessor : Read "application/json;charset=UTF-8" to [Todo(id=null, title=hhh, complete=true)]
2019-07-23 21:10:00.599 DEBUG 10810 --- [http-nio-8089-exec-5] m.m.a.RequestResponseBodyMethodProcessor : Using 'text/plain', given [*/*] and supported [text/plain, */*, text/plain, */*, application/json, application/*+json, application/json, application/*+json]
2019-07-23 21:10:00.599 DEBUG 10810 --- [http-nio-8089-exec-5] m.m.a.RequestResponseBodyMethodProcessor : Writing ["OK"]
2019-07-23 21:10:00.600 DEBUG 10810 --- [http-nio-8089-exec-5] o.s.web.servlet.DispatcherServlet        : Completed 200 OK
2019-07-23 21:10:04.001 DEBUG 10810 --- [http-nio-8089-exec-1] o.s.web.servlet.DispatcherServlet        : POST "/todos", parameters={}
2019-07-23 21:10:04.002 DEBUG 10810 --- [http-nio-8089-exec-1] s.w.s.m.m.a.RequestMappingHandlerMapping : Mapped to public java.lang.String com.thoughtworks.parking_lot.controller.TodoController.addTodo(com.thoughtworks.parking_lot.entity.Todo)
2019-07-23 21:10:04.003 DEBUG 10810 --- [http-nio-8089-exec-1] m.m.a.RequestResponseBodyMethodProcessor : Read "application/json;charset=UTF-8" to [Todo(id=null, title=hhh, complete=true)]
2019-07-23 21:10:04.009 DEBUG 10810 --- [http-nio-8089-exec-1] m.m.a.RequestResponseBodyMethodProcessor : Using 'text/plain', given [*/*] and supported [text/plain, */*, text/plain, */*, application/json, application/*+json, application/json, application/*+json]
2019-07-23 21:10:04.009 DEBUG 10810 --- [http-nio-8089-exec-1] m.m.a.RequestResponseBodyMethodProcessor : Writing ["repeat"]
2019-07-23 21:10:04.010 DEBUG 10810 --- [http-nio-8089-exec-1] o.s.web.servlet.DispatcherServlet        : Completed 200 OK
2019-07-23 21:10:07.599 DEBUG 10810 --- [http-nio-8089-exec-8] o.s.web.servlet.DispatcherServlet        : POST "/todos", parameters={}
2019-07-23 21:10:07.599 DEBUG 10810 --- [http-nio-8089-exec-8] s.w.s.m.m.a.RequestMappingHandlerMapping : Mapped to public java.lang.String com.thoughtworks.parking_lot.controller.TodoController.addTodo(com.thoughtworks.parking_lot.entity.Todo)
2019-07-23 21:10:07.600 DEBUG 10810 --- [http-nio-8089-exec-8] m.m.a.RequestResponseBodyMethodProcessor : Read "application/json;charset=UTF-8" to [Todo(id=null, title=hhh2, complete=true)]
2019-07-23 21:10:07.605 DEBUG 10810 --- [http-nio-8089-exec-8] m.m.a.RequestResponseBodyMethodProcessor : Using 'text/plain', given [*/*] and supported [text/plain, */*, text/plain, */*, application/json, application/*+json, application/json, application/*+json]
2019-07-23 21:10:07.606 DEBUG 10810 --- [http-nio-8089-exec-8] m.m.a.RequestResponseBodyMethodProcessor : Writing ["OK"]
2019-07-23 21:10:07.607 DEBUG 10810 --- [http-nio-8089-exec-8] o.s.web.servlet.DispatcherServlet        : Completed 200 OK
2019-07-23 21:10:10.663 DEBUG 10810 --- [http-nio-8089-exec-9] o.s.web.servlet.DispatcherServlet        : POST "/todos", parameters={}
2019-07-23 21:10:10.663 DEBUG 10810 --- [http-nio-8089-exec-9] s.w.s.m.m.a.RequestMappingHandlerMapping : Mapped to public java.lang.String com.thoughtworks.parking_lot.controller.TodoController.addTodo(com.thoughtworks.parking_lot.entity.Todo)
2019-07-23 21:10:10.664 DEBUG 10810 --- [http-nio-8089-exec-9] m.m.a.RequestResponseBodyMethodProcessor : Read "application/json;charset=UTF-8" to [Todo(id=null, title=1, complete=true)]
2019-07-23 21:10:10.668 DEBUG 10810 --- [http-nio-8089-exec-9] m.m.a.RequestResponseBodyMethodProcessor : Using 'text/plain', given [*/*] and supported [text/plain, */*, text/plain, */*, application/json, application/*+json, application/json, application/*+json]
2019-07-23 21:10:10.668 DEBUG 10810 --- [http-nio-8089-exec-9] m.m.a.RequestResponseBodyMethodProcessor : Writing ["OK"]
2019-07-23 21:10:10.669 DEBUG 10810 --- [http-nio-8089-exec-9] o.s.web.servlet.DispatcherServlet        : Completed 200 OK
2019-07-23 21:10:13.836 DEBUG 10810 --- [http-nio-8089-exec-3] o.s.web.servlet.DispatcherServlet        : POST "/todos", parameters={}
2019-07-23 21:10:13.836 DEBUG 10810 --- [http-nio-8089-exec-3] s.w.s.m.m.a.RequestMappingHandlerMapping : Mapped to public java.lang.String com.thoughtworks.parking_lot.controller.TodoController.addTodo(com.thoughtworks.parking_lot.entity.Todo)
2019-07-23 21:10:13.837 DEBUG 10810 --- [http-nio-8089-exec-3] m.m.a.RequestResponseBodyMethodProcessor : Read "application/json;charset=UTF-8" to [Todo(id=null, title=2, complete=true)]
2019-07-23 21:10:13.841 DEBUG 10810 --- [http-nio-8089-exec-3] m.m.a.RequestResponseBodyMethodProcessor : Using 'text/plain', given [*/*] and supported [text/plain, */*, text/plain, */*, application/json, application/*+json, application/json, application/*+json]
2019-07-23 21:10:13.841 DEBUG 10810 --- [http-nio-8089-exec-3] m.m.a.RequestResponseBodyMethodProcessor : Writing ["OK"]
2019-07-23 21:10:13.842 DEBUG 10810 --- [http-nio-8089-exec-3] o.s.web.servlet.DispatcherServlet        : Completed 200 OK
2019-07-23 21:10:16.861 DEBUG 10810 --- [http-nio-8089-exec-2] o.s.web.servlet.DispatcherServlet        : POST "/todos", parameters={}
2019-07-23 21:10:16.861 DEBUG 10810 --- [http-nio-8089-exec-2] s.w.s.m.m.a.RequestMappingHandlerMapping : Mapped to public java.lang.String com.thoughtworks.parking_lot.controller.TodoController.addTodo(com.thoughtworks.parking_lot.entity.Todo)
2019-07-23 21:10:16.862 DEBUG 10810 --- [http-nio-8089-exec-2] m.m.a.RequestResponseBodyMethodProcessor : Read "application/json;charset=UTF-8" to [Todo(id=null, title=3, complete=true)]
2019-07-23 21:10:16.865 DEBUG 10810 --- [http-nio-8089-exec-2] m.m.a.RequestResponseBodyMethodProcessor : Using 'text/plain', given [*/*] and supported [text/plain, */*, text/plain, */*, application/json, application/*+json, application/json, application/*+json]
2019-07-23 21:10:16.866 DEBUG 10810 --- [http-nio-8089-exec-2] m.m.a.RequestResponseBodyMethodProcessor : Writing ["OK"]
2019-07-23 21:10:16.866 DEBUG 10810 --- [http-nio-8089-exec-2] o.s.web.servlet.DispatcherServlet        : Completed 200 OK
2019-07-23 21:10:20.327 DEBUG 10810 --- [http-nio-8089-exec-6] o.s.web.servlet.DispatcherServlet        : POST "/todos", parameters={}
2019-07-23 21:10:20.328 DEBUG 10810 --- [http-nio-8089-exec-6] s.w.s.m.m.a.RequestMappingHandlerMapping : Mapped to public java.lang.String com.thoughtworks.parking_lot.controller.TodoController.addTodo(com.thoughtworks.parking_lot.entity.Todo)
2019-07-23 21:10:20.329 DEBUG 10810 --- [http-nio-8089-exec-6] m.m.a.RequestResponseBodyMethodProcessor : Read "application/json;charset=UTF-8" to [Todo(id=null, title=4, complete=true)]
2019-07-23 21:10:20.333 DEBUG 10810 --- [http-nio-8089-exec-6] m.m.a.RequestResponseBodyMethodProcessor : Using 'text/plain', given [*/*] and supported [text/plain, */*, text/plain, */*, application/json, application/*+json, application/json, application/*+json]
2019-07-23 21:10:20.333 DEBUG 10810 --- [http-nio-8089-exec-6] m.m.a.RequestResponseBodyMethodProcessor : Writing ["OK"]
2019-07-23 21:10:20.333 DEBUG 10810 --- [http-nio-8089-exec-6] o.s.web.servlet.DispatcherServlet        : Completed 200 OK
2019-07-23 21:10:27.947  INFO 10810 --- [Thread-13] o.s.s.concurrent.ThreadPoolTaskExecutor  : Shutting down ExecutorService 'applicationTaskExecutor'
2019-07-23 21:10:27.954  INFO 10810 --- [Thread-13] j.LocalContainerEntityManagerFactoryBean : Closing JPA EntityManagerFactory for persistence unit 'default'
2019-07-23 21:10:27.965  INFO 10810 --- [Thread-13] com.zaxxer.hikari.HikariDataSource       : HikariPool-1 - Shutdown initiated...
2019-07-23 21:10:27.970  INFO 10810 --- [Thread-13] com.zaxxer.hikari.HikariDataSource       : HikariPool-1 - Shutdown completed.
2019-07-23 21:10:33.561  INFO 10816 --- [main] c.t.parking_lot.ParkingLotApplication    : Starting ParkingLotApplication on bogon with PID 10816 (/Users/licankun/IdeaProjects/Parking-Lot-Template-2019-7-18-8-5-49/out/production/classes started by licankun in /Users/licankun/IdeaProjects/Parking-Lot-Template-2019-7-18-8-5-49)
2019-07-23 21:10:33.563  INFO 10816 --- [main] c.t.parking_lot.ParkingLotApplication    : No active profile set, falling back to default profiles: default
2019-07-23 21:10:34.115  INFO 10816 --- [main] .s.d.r.c.RepositoryConfigurationDelegate : Bootstrapping Spring Data repositories in DEFAULT mode.
2019-07-23 21:10:34.163  INFO 10816 --- [main] .s.d.r.c.RepositoryConfigurationDelegate : Finished Spring Data repository scanning in 43ms. Found 2 repository interfaces.
2019-07-23 21:10:34.425  INFO 10816 --- [main] trationDelegate$BeanPostProcessorChecker : Bean 'org.springframework.transaction.annotation.ProxyTransactionManagementConfiguration' of type [org.springframework.transaction.annotation.ProxyTransactionManagementConfiguration$$EnhancerBySpringCGLIB$$5b9ad763] is not eligible for getting processed by all BeanPostProcessors (for example: not eligible for auto-proxying)
2019-07-23 21:10:34.618  INFO 10816 --- [main] o.s.b.w.embedded.tomcat.TomcatWebServer  : Tomcat initialized with port(s): 8089 (http)
2019-07-23 21:10:34.633  INFO 10816 --- [main] o.apache.catalina.core.StandardService   : Starting service [Tomcat]
2019-07-23 21:10:34.634  INFO 10816 --- [main] org.apache.catalina.core.StandardEngine  : Starting Servlet engine: [Apache Tomcat/9.0.21]
2019-07-23 21:10:34.718  INFO 10816 --- [main] o.a.c.c.C.[Tomcat].[localhost].[/]       : Initializing Spring embedded WebApplicationContext
2019-07-23 21:10:34.719 DEBUG 10816 --- [main] o.s.web.context.ContextLoader            : Published root WebApplicationContext as ServletContext attribute with name [org.springframework.web.context.WebApplicationContext.ROOT]
2019-07-23 21:10:34.719  INFO 10816 --- [main] o.s.web.context.ContextLoader            : Root WebApplicationContext: initialization completed in 1131 ms
2019-07-23 21:10:35.075  INFO 10816 --- [main] o.f.c.internal.license.VersionPrinter    : Flyway Community Edition 5.2.4 by Boxfuse
2019-07-23 21:10:35.076  INFO 10816 --- [main] com.zaxxer.hikari.HikariDataSource       : HikariPool-1 - Starting...
2019-07-23 21:10:35.156  INFO 10816 --- [main] com.zaxxer.hikari.HikariDataSource       : HikariPool-1 - Start completed.
2019-07-23 21:10:35.159  INFO 10816 --- [main] o.f.c.internal.database.DatabaseFactory  : Database: jdbc:h2:file:./h2/test (H2 1.4)
2019-07-23 21:10:35.175  WARN 10816 --- [main] o.f.c.internal.database.base.Database    : Flyway upgrade recommended: H2 1.4.199 is newer than this version of Flyway and support has not been tested.
2019-07-23 21:10:35.207  INFO 10816 --- [main] o.f.core.internal.command.DbValidate     : Successfully validated 2 migrations (execution time 00:00.013s)
2019-07-23 21:10:35.217  INFO 10816 --- [main] o.f.core.internal.command.DbMigrate      : Current version of schema "PUBLIC": 2
2019-07-23 21:10:35.218  INFO 10816 --- [main] o.f.core.internal.command.DbMigrate      : Schema "PUBLIC" is up to date. No migration necessary.
2019-07-23 21:10:35.878  INFO 10816 --- [main] j.LocalContainerEntityManagerFactoryBean : Initialized JPA EntityManagerFactory for persistence unit 'default'
2019-07-23 21:10:36.290 DEBUG 10816 --- [main] o.s.w.s.handler.SimpleUrlHandlerMapping  : Patterns [/**/favicon.ico] in 'faviconHandlerMapping'
2019-07-23 21:10:36.391  INFO 10816 --- [main] o.s.s.concurrent.ThreadPoolTaskExecutor  : Initializing ExecutorService 'applicationTaskExecutor'
2019-07-23 21:10:36.401 DEBUG 10816 --- [main] s.w.s.m.m.a.RequestMappingHandlerAdapter : ControllerAdvice beans: 0 @ModelAttribute, 0 @InitBinder, 1 RequestBodyAdvice, 1 ResponseBodyAdvice
2019-07-23 21:10:36.416  WARN 10816 --- [main] aWebConfiguration$JpaWebMvcConfiguration : spring.jpa.open-in-view is enabled by default. Therefore, database queries may be performed during view rendering. Explicitly configure spring.jpa.open-in-view to disable this warning
2019-07-23 21:10:36.442 DEBUG 10816 --- [main] s.w.s.m.m.a.RequestMappingHandlerMapping : 12 mappings in 'requestMappingHandlerMapping'
2019-07-23 21:10:36.450 DEBUG 10816 --- [main] o.s.w.s.handler.SimpleUrlHandlerMapping  : Patterns [/webjars/**, /**] in 'resourceHandlerMapping'
2019-07-23 21:10:36.457 DEBUG 10816 --- [main] .m.m.a.ExceptionHandlerExceptionResolver : ControllerAdvice beans: 0 @ExceptionHandler, 1 ResponseBodyAdvice
2019-07-23 21:10:36.821  INFO 10816 --- [main] o.s.b.a.e.web.EndpointLinksResolver      : Exposing 2 endpoint(s) beneath base path '/actuator'
2019-07-23 21:10:36.903  INFO 10816 --- [main] o.s.b.w.embedded.tomcat.TomcatWebServer  : Tomcat started on port(s): 8089 (http) with context path ''
2019-07-23 21:10:36.907  INFO 10816 --- [main] c.t.parking_lot.ParkingLotApplication    : Started ParkingLotApplication in 3.644 seconds (JVM running for 7.085)
2019-07-23 21:10:41.417  INFO 10816 --- [http-nio-8089-exec-1] o.a.c.c.C.[Tomcat].[localhost].[/]       : Initializing Spring DispatcherServlet 'dispatcherServlet'
2019-07-23 21:10:41.417  INFO 10816 --- [http-nio-8089-exec-1] o.s.web.servlet.DispatcherServlet        : Initializing Servlet 'dispatcherServlet'
2019-07-23 21:10:41.418 DEBUG 10816 --- [http-nio-8089-exec-1] o.s.web.servlet.DispatcherServlet        : Detected StandardServletMultipartResolver
2019-07-23 21:10:41.425 DEBUG 10816 --- [http-nio-8089-exec-1] o.s.web.servlet.DispatcherServlet        : enableLoggingRequestDetails='false': request parameters and headers will be masked to prevent unsafe logging of potentially sensitive data
2019-07-23 21:10:41.425  INFO 10816 --- [http-nio-8089-exec-1] o.s.web.servlet.DispatcherServlet        : Completed initialization in 8 ms
2019-07-23 21:10:41.437 DEBUG 10816 --- [http-nio-8089-exec-1] o.s.web.servlet.DispatcherServlet        : GET "/todos", parameters={}
2019-07-23 21:10:41.443 DEBUG 10816 --- [http-nio-8089-exec-1] s.w.s.m.m.a.RequestMappingHandlerMapping : Mapped to public java.util.List<com.thoughtworks.parking_lot.entity.Todo> com.thoughtworks.parking_lot.controller.TodoController.loadAllTodos()
2019-07-23 21:10:41.509 DEBUG 10816 --- [http-nio-8089-exec-1] m.m.a.RequestResponseBodyMethodProcessor : Using 'application/json', given [application/json, text/plain, */*] and supported [application/json, application/*+json, application/json, application/*+json]
2019-07-23 21:10:41.510 DEBUG 10816 --- [http-nio-8089-exec-1] m.m.a.RequestResponseBodyMethodProcessor : Writing [[Todo(id=402881e56c1ef1f7016c1ef3f67e0000, title=hhh, complete=true), Todo(id=402881e56c1ef1f7016c1e (truncated)...]
2019-07-23 21:10:41.550 DEBUG 10816 --- [http-nio-8089-exec-1] o.s.web.servlet.DispatcherServlet        : Completed 200 OK
2019-07-23 21:10:45.603 DEBUG 10816 --- [http-nio-8089-exec-2] o.s.web.servlet.DispatcherServlet        : GET "/todos", parameters={}
2019-07-23 21:10:45.604 DEBUG 10816 --- [http-nio-8089-exec-2] s.w.s.m.m.a.RequestMappingHandlerMapping : Mapped to public java.util.List<com.thoughtworks.parking_lot.entity.Todo> com.thoughtworks.parking_lot.controller.TodoController.loadAllTodos()
2019-07-23 21:10:45.608 DEBUG 10816 --- [http-nio-8089-exec-2] m.m.a.RequestResponseBodyMethodProcessor : Using 'application/json', given [application/json, text/plain, */*] and supported [application/json, application/*+json, application/json, application/*+json]
2019-07-23 21:10:45.608 DEBUG 10816 --- [http-nio-8089-exec-2] m.m.a.RequestResponseBodyMethodProcessor : Writing [[Todo(id=402881e56c1ef1f7016c1ef3f67e0000, title=hhh, complete=true), Todo(id=402881e56c1ef1f7016c1e (truncated)...]
2019-07-23 21:10:45.610 DEBUG 10816 --- [http-nio-8089-exec-2] o.s.web.servlet.DispatcherServlet        : Completed 200 OK
2019-07-23 21:10:48.244 DEBUG 10816 --- [http-nio-8089-exec-3] o.s.web.servlet.DispatcherServlet        : OPTIONS "/todos", parameters={}
2019-07-23 21:10:48.245 DEBUG 10816 --- [http-nio-8089-exec-3] s.w.s.m.m.a.RequestMappingHandlerMapping : Mapped to public java.lang.String com.thoughtworks.parking_lot.controller.TodoController.addTodo(com.thoughtworks.parking_lot.entity.Todo)
2019-07-23 21:10:48.247 DEBUG 10816 --- [http-nio-8089-exec-3] o.s.web.servlet.DispatcherServlet        : Completed 200 OK
2019-07-23 21:10:48.254 DEBUG 10816 --- [http-nio-8089-exec-4] o.s.web.servlet.DispatcherServlet        : POST "/todos", parameters={}
2019-07-23 21:10:48.254 DEBUG 10816 --- [http-nio-8089-exec-4] s.w.s.m.m.a.RequestMappingHandlerMapping : Mapped to public java.lang.String com.thoughtworks.parking_lot.controller.TodoController.addTodo(com.thoughtworks.parking_lot.entity.Todo)
2019-07-23 21:10:48.276 DEBUG 10816 --- [http-nio-8089-exec-4] m.m.a.RequestResponseBodyMethodProcessor : Read "application/json;charset=UTF-8" to [Todo(id=null, title=f, complete=false)]
2019-07-23 21:10:48.307 DEBUG 10816 --- [http-nio-8089-exec-4] m.m.a.RequestResponseBodyMethodProcessor : Using 'application/json', given [application/json, text/plain, */*] and supported [text/plain, */*, text/plain, */*, application/json, application/*+json, application/json, application/*+json]
2019-07-23 21:10:48.308 DEBUG 10816 --- [http-nio-8089-exec-4] m.m.a.RequestResponseBodyMethodProcessor : Writing ["OK"]
2019-07-23 21:10:48.309 DEBUG 10816 --- [http-nio-8089-exec-4] o.s.web.servlet.DispatcherServlet        : Completed 200 OK
2019-07-23 21:10:48.313 DEBUG 10816 --- [http-nio-8089-exec-5] o.s.web.servlet.DispatcherServlet        : GET "/todos", parameters={}
2019-07-23 21:10:48.313 DEBUG 10816 --- [http-nio-8089-exec-5] s.w.s.m.m.a.RequestMappingHandlerMapping : Mapped to public java.util.List<com.thoughtworks.parking_lot.entity.Todo> com.thoughtworks.parking_lot.controller.TodoController.loadAllTodos()
2019-07-23 21:10:48.316 DEBUG 10816 --- [http-nio-8089-exec-5] m.m.a.RequestResponseBodyMethodProcessor : Using 'application/json', given [application/json, text/plain, */*] and supported [application/json, application/*+json, application/json, application/*+json]
2019-07-23 21:10:48.317 DEBUG 10816 --- [http-nio-8089-exec-5] m.m.a.RequestResponseBodyMethodProcessor : Writing [[Todo(id=402881e56c1ef1f7016c1ef3f67e0000, title=hhh, complete=true), Todo(id=402881e56c1ef1f7016c1e (truncated)...]
2019-07-23 21:10:48.318 DEBUG 10816 --- [http-nio-8089-exec-5] o.s.web.servlet.DispatcherServlet        : Completed 200 OK
2019-07-23 21:10:49.763 DEBUG 10816 --- [http-nio-8089-exec-6] o.s.web.servlet.DispatcherServlet        : OPTIONS "/todos/402881e56c1ef1f7016c1ef436200004", parameters={}
2019-07-23 21:10:49.764 DEBUG 10816 --- [http-nio-8089-exec-6] s.w.s.m.m.a.RequestMappingHandlerMapping : Mapped to public com.thoughtworks.parking_lot.entity.Todo com.thoughtworks.parking_lot.controller.TodoController.update(java.lang.String,com.thoughtworks.parking_lot.entity.Todo)
2019-07-23 21:10:49.765 DEBUG 10816 --- [http-nio-8089-exec-6] o.s.web.servlet.DispatcherServlet        : Completed 200 OK
2019-07-23 21:10:49.770 DEBUG 10816 --- [http-nio-8089-exec-7] o.s.web.servlet.DispatcherServlet        : PUT "/todos/402881e56c1ef1f7016c1ef436200004", parameters={}
2019-07-23 21:10:49.771 DEBUG 10816 --- [http-nio-8089-exec-7] s.w.s.m.m.a.RequestMappingHandlerMapping : Mapped to public com.thoughtworks.parking_lot.entity.Todo com.thoughtworks.parking_lot.controller.TodoController.update(java.lang.String,com.thoughtworks.parking_lot.entity.Todo)
2019-07-23 21:10:49.775 DEBUG 10816 --- [http-nio-8089-exec-7] m.m.a.RequestResponseBodyMethodProcessor : Read "application/json;charset=UTF-8" to [Todo(id=402881e56c1ef1f7016c1ef436200004, title=3, complete=false)]
2019-07-23 21:10:49.797 DEBUG 10816 --- [http-nio-8089-exec-7] m.m.a.RequestResponseBodyMethodProcessor : Using 'application/json', given [application/json, text/plain, */*] and supported [application/json, application/*+json, application/json, application/*+json]
2019-07-23 21:10:49.801 DEBUG 10816 --- [http-nio-8089-exec-7] m.m.a.RequestResponseBodyMethodProcessor : Writing [Todo(id=402881e56c1ef1f7016c1ef436200004, title=3, complete=false)]
2019-07-23 21:10:49.803 DEBUG 10816 --- [http-nio-8089-exec-7] o.s.web.servlet.DispatcherServlet        : Completed 200 OK
2019-07-23 21:10:49.812 DEBUG 10816 --- [http-nio-8089-exec-8] o.s.web.servlet.DispatcherServlet        : GET "/todos", parameters={}
2019-07-23 21:10:49.813 DEBUG 10816 --- [http-nio-8089-exec-8] s.w.s.m.m.a.RequestMappingHandlerMapping : Mapped to public java.util.List<com.thoughtworks.parking_lot.entity.Todo> com.thoughtworks.parking_lot.controller.TodoController.loadAllTodos()
2019-07-23 21:10:49.816 DEBUG 10816 --- [http-nio-8089-exec-8] m.m.a.RequestResponseBodyMethodProcessor : Using 'application/json', given [application/json, text/plain, */*] and supported [application/json, application/*+json, application/json, application/*+json]
2019-07-23 21:10:49.816 DEBUG 10816 --- [http-nio-8089-exec-8] m.m.a.RequestResponseBodyMethodProcessor : Writing [[Todo(id=402881e56c1ef1f7016c1ef3f67e0000, title=hhh, complete=true), Todo(id=402881e56c1ef1f7016c1e (truncated)...]
2019-07-23 21:10:49.817 DEBUG 10816 --- [http-nio-8089-exec-8] o.s.web.servlet.DispatcherServlet        : Completed 200 OK
2019-07-23 21:10:50.366 DEBUG 10816 --- [http-nio-8089-exec-9] o.s.web.servlet.DispatcherServlet        : OPTIONS "/todos/402881e56c1ef1f7016c1ef42a4f0003", parameters={}
2019-07-23 21:10:50.367 DEBUG 10816 --- [http-nio-8089-exec-9] s.w.s.m.m.a.RequestMappingHandlerMapping : Mapped to public com.thoughtworks.parking_lot.entity.Todo com.thoughtworks.parking_lot.controller.TodoController.update(java.lang.String,com.thoughtworks.parking_lot.entity.Todo)
2019-07-23 21:10:50.367 DEBUG 10816 --- [http-nio-8089-exec-9] o.s.web.servlet.DispatcherServlet        : Completed 200 OK
2019-07-23 21:10:50.372 DEBUG 10816 --- [http-nio-8089-exec-10] o.s.web.servlet.DispatcherServlet        : PUT "/todos/402881e56c1ef1f7016c1ef42a4f0003", parameters={}
2019-07-23 21:10:50.373 DEBUG 10816 --- [http-nio-8089-exec-10] s.w.s.m.m.a.RequestMappingHandlerMapping : Mapped to public com.thoughtworks.parking_lot.entity.Todo com.thoughtworks.parking_lot.controller.TodoController.update(java.lang.String,com.thoughtworks.parking_lot.entity.Todo)
2019-07-23 21:10:50.374 DEBUG 10816 --- [http-nio-8089-exec-10] m.m.a.RequestResponseBodyMethodProcessor : Read "application/json;charset=UTF-8" to [Todo(id=402881e56c1ef1f7016c1ef42a4f0003, title=2, complete=false)]
2019-07-23 21:10:50.377 DEBUG 10816 --- [http-nio-8089-exec-10] m.m.a.RequestResponseBodyMethodProcessor : Using 'application/json', given [application/json, text/plain, */*] and supported [application/json, application/*+json, application/json, application/*+json]
2019-07-23 21:10:50.377 DEBUG 10816 --- [http-nio-8089-exec-10] m.m.a.RequestResponseBodyMethodProcessor : Writing [Todo(id=402881e56c1ef1f7016c1ef42a4f0003, title=2, complete=false)]
2019-07-23 21:10:50.378 DEBUG 10816 --- [http-nio-8089-exec-10] o.s.web.servlet.DispatcherServlet        : Completed 200 OK
2019-07-23 21:10:50.382 DEBUG 10816 --- [http-nio-8089-exec-1] o.s.web.servlet.DispatcherServlet        : GET "/todos", parameters={}
2019-07-23 21:10:50.382 DEBUG 10816 --- [http-nio-8089-exec-1] s.w.s.m.m.a.RequestMappingHandlerMapping : Mapped to public java.util.List<com.thoughtworks.parking_lot.entity.Todo> com.thoughtworks.parking_lot.controller.TodoController.loadAllTodos()
2019-07-23 21:10:50.385 DEBUG 10816 --- [http-nio-8089-exec-1] m.m.a.RequestResponseBodyMethodProcessor : Using 'application/json', given [application/json, text/plain, */*] and supported [application/json, application/*+json, application/json, application/*+json]
2019-07-23 21:10:50.385 DEBUG 10816 --- [http-nio-8089-exec-1] m.m.a.RequestResponseBodyMethodProcessor : Writing [[Todo(id=402881e56c1ef1f7016c1ef3f67e0000, title=hhh, complete=true), Todo(id=402881e56c1ef1f7016c1e (truncated)...]
2019-07-23 21:10:50.386 DEBUG 10816 --- [http-nio-8089-exec-1] o.s.web.servlet.DispatcherServlet        : Completed 200 OK
2019-07-23 21:10:51.058 DEBUG 10816 --- [http-nio-8089-exec-2] o.s.web.servlet.DispatcherServlet        : OPTIONS "/todos/402881e56c1ef1f7016c1ef41dea0002", parameters={}
2019-07-23 21:10:51.059 DEBUG 10816 --- [http-nio-8089-exec-2] s.w.s.m.m.a.RequestMappingHandlerMapping : Mapped to public com.thoughtworks.parking_lot.entity.Todo com.thoughtworks.parking_lot.controller.TodoController.update(java.lang.String,com.thoughtworks.parking_lot.entity.Todo)
2019-07-23 21:10:51.060 DEBUG 10816 --- [http-nio-8089-exec-2] o.s.web.servlet.DispatcherServlet        : Completed 200 OK
2019-07-23 21:10:51.066 DEBUG 10816 --- [http-nio-8089-exec-3] o.s.web.servlet.DispatcherServlet        : PUT "/todos/402881e56c1ef1f7016c1ef41dea0002", parameters={}
2019-07-23 21:10:51.066 DEBUG 10816 --- [http-nio-8089-exec-3] s.w.s.m.m.a.RequestMappingHandlerMapping : Mapped to public com.thoughtworks.parking_lot.entity.Todo com.thoughtworks.parking_lot.controller.TodoController.update(java.lang.String,com.thoughtworks.parking_lot.entity.Todo)
2019-07-23 21:10:51.067 DEBUG 10816 --- [http-nio-8089-exec-3] m.m.a.RequestResponseBodyMethodProcessor : Read "application/json;charset=UTF-8" to [Todo(id=402881e56c1ef1f7016c1ef41dea0002, title=1, complete=false)]
2019-07-23 21:10:51.070 DEBUG 10816 --- [http-nio-8089-exec-3] m.m.a.RequestResponseBodyMethodProcessor : Using 'application/json', given [application/json, text/plain, */*] and supported [application/json, application/*+json, application/json, application/*+json]
2019-07-23 21:10:51.070 DEBUG 10816 --- [http-nio-8089-exec-3] m.m.a.RequestResponseBodyMethodProcessor : Writing [Todo(id=402881e56c1ef1f7016c1ef41dea0002, title=1, complete=false)]
2019-07-23 21:10:51.071 DEBUG 10816 --- [http-nio-8089-exec-3] o.s.web.servlet.DispatcherServlet        : Completed 200 OK
2019-07-23 21:10:51.075 DEBUG 10816 --- [http-nio-8089-exec-4] o.s.web.servlet.DispatcherServlet        : GET "/todos", parameters={}
2019-07-23 21:10:51.076 DEBUG 10816 --- [http-nio-8089-exec-4] s.w.s.m.m.a.RequestMappingHandlerMapping : Mapped to public java.util.List<com.thoughtworks.parking_lot.entity.Todo> com.thoughtworks.parking_lot.controller.TodoController.loadAllTodos()
2019-07-23 21:10:51.079 DEBUG 10816 --- [http-nio-8089-exec-4] m.m.a.RequestResponseBodyMethodProcessor : Using 'application/json', given [application/json, text/plain, */*] and supported [application/json, application/*+json, application/json, application/*+json]
2019-07-23 21:10:51.080 DEBUG 10816 --- [http-nio-8089-exec-4] m.m.a.RequestResponseBodyMethodProcessor : Writing [[Todo(id=402881e56c1ef1f7016c1ef3f67e0000, title=hhh, complete=true), Todo(id=402881e56c1ef1f7016c1e (truncated)...]
2019-07-23 21:10:51.080 DEBUG 10816 --- [http-nio-8089-exec-4] o.s.web.servlet.DispatcherServlet        : Completed 200 OK
2019-07-23 21:10:53.711 DEBUG 10816 --- [http-nio-8089-exec-6] o.s.web.servlet.DispatcherServlet        : GET "/todos", parameters={}
2019-07-23 21:10:53.713 DEBUG 10816 --- [http-nio-8089-exec-6] s.w.s.m.m.a.RequestMappingHandlerMapping : Mapped to public java.util.List<com.thoughtworks.parking_lot.entity.Todo> com.thoughtworks.parking_lot.controller.TodoController.loadAllTodos()
2019-07-23 21:10:53.718 DEBUG 10816 --- [http-nio-8089-exec-6] m.m.a.RequestResponseBodyMethodProcessor : Using 'application/json', given [application/json, text/plain, */*] and supported [application/json, application/*+json, application/json, application/*+json]
2019-07-23 21:10:53.718 DEBUG 10816 --- [http-nio-8089-exec-6] m.m.a.RequestResponseBodyMethodProcessor : Writing [[Todo(id=402881e56c1ef1f7016c1ef3f67e0000, title=hhh, complete=true), Todo(id=402881e56c1ef1f7016c1e (truncated)...]
2019-07-23 21:10:53.719 DEBUG 10816 --- [http-nio-8089-exec-6] o.s.web.servlet.DispatcherServlet        : Completed 200 OK
2019-07-23 21:10:55.162 DEBUG 10816 --- [http-nio-8089-exec-7] o.s.web.servlet.DispatcherServlet        : GET "/todos", parameters={}
2019-07-23 21:10:55.163 DEBUG 10816 --- [http-nio-8089-exec-7] s.w.s.m.m.a.RequestMappingHandlerMapping : Mapped to public java.util.List<com.thoughtworks.parking_lot.entity.Todo> com.thoughtworks.parking_lot.controller.TodoController.loadAllTodos()
2019-07-23 21:10:55.165 DEBUG 10816 --- [http-nio-8089-exec-7] m.m.a.RequestResponseBodyMethodProcessor : Using 'application/json', given [application/json, text/plain, */*] and supported [application/json, application/*+json, application/json, application/*+json]
2019-07-23 21:10:55.166 DEBUG 10816 --- [http-nio-8089-exec-7] m.m.a.RequestResponseBodyMethodProcessor : Writing [[Todo(id=402881e56c1ef1f7016c1ef3f67e0000, title=hhh, complete=true), Todo(id=402881e56c1ef1f7016c1e (truncated)...]
2019-07-23 21:10:55.167 DEBUG 10816 --- [http-nio-8089-exec-7] o.s.web.servlet.DispatcherServlet        : Completed 200 OK
2019-07-23 21:10:55.169 DEBUG 10816 --- [http-nio-8089-exec-8] o.s.web.servlet.DispatcherServlet        : GET "/todos", parameters={}
2019-07-23 21:10:55.170 DEBUG 10816 --- [http-nio-8089-exec-8] s.w.s.m.m.a.RequestMappingHandlerMapping : Mapped to public java.util.List<com.thoughtworks.parking_lot.entity.Todo> com.thoughtworks.parking_lot.controller.TodoController.loadAllTodos()
2019-07-23 21:10:55.173 DEBUG 10816 --- [http-nio-8089-exec-8] m.m.a.RequestResponseBodyMethodProcessor : Using 'application/json', given [application/json, text/plain, */*] and supported [application/json, application/*+json, application/json, application/*+json]
2019-07-23 21:10:55.174 DEBUG 10816 --- [http-nio-8089-exec-8] m.m.a.RequestResponseBodyMethodProcessor : Writing [[Todo(id=402881e56c1ef1f7016c1ef3f67e0000, title=hhh, complete=true), Todo(id=402881e56c1ef1f7016c1e (truncated)...]
2019-07-23 21:10:55.175 DEBUG 10816 --- [http-nio-8089-exec-8] o.s.web.servlet.DispatcherServlet        : Completed 200 OK
2019-07-23 21:11:02.199 DEBUG 10816 --- [http-nio-8089-exec-9] o.s.web.servlet.DispatcherServlet        : GET "/todos", parameters={}
2019-07-23 21:11:02.200 DEBUG 10816 --- [http-nio-8089-exec-9] s.w.s.m.m.a.RequestMappingHandlerMapping : Mapped to public java.util.List<com.thoughtworks.parking_lot.entity.Todo> com.thoughtworks.parking_lot.controller.TodoController.loadAllTodos()
2019-07-23 21:11:02.204 DEBUG 10816 --- [http-nio-8089-exec-9] m.m.a.RequestResponseBodyMethodProcessor : Using 'application/json', given [application/json, text/plain, */*] and supported [application/json, application/*+json, application/json, application/*+json]
2019-07-23 21:11:02.205 DEBUG 10816 --- [http-nio-8089-exec-9] m.m.a.RequestResponseBodyMethodProcessor : Writing [[Todo(id=402881e56c1ef1f7016c1ef3f67e0000, title=hhh, complete=true), Todo(id=402881e56c1ef1f7016c1e (truncated)...]
2019-07-23 21:11:02.206 DEBUG 10816 --- [http-nio-8089-exec-9] o.s.web.servlet.DispatcherServlet        : Completed 200 OK
2019-07-23 21:11:10.134 DEBUG 10816 --- [http-nio-8089-exec-1] o.s.web.servlet.DispatcherServlet        : GET "/todos", parameters={}
2019-07-23 21:11:10.135 DEBUG 10816 --- [http-nio-8089-exec-1] s.w.s.m.m.a.RequestMappingHandlerMapping : Mapped to public java.util.List<com.thoughtworks.parking_lot.entity.Todo> com.thoughtworks.parking_lot.controller.TodoController.loadAllTodos()
2019-07-23 21:11:10.137 DEBUG 10816 --- [http-nio-8089-exec-1] m.m.a.RequestResponseBodyMethodProcessor : Using 'application/json', given [application/json, text/plain, */*] and supported [application/json, application/*+json, application/json, application/*+json]
2019-07-23 21:11:10.138 DEBUG 10816 --- [http-nio-8089-exec-1] m.m.a.RequestResponseBodyMethodProcessor : Writing [[Todo(id=402881e56c1ef1f7016c1ef3f67e0000, title=hhh, complete=true), Todo(id=402881e56c1ef1f7016c1e (truncated)...]
2019-07-23 21:11:10.139 DEBUG 10816 --- [http-nio-8089-exec-1] o.s.web.servlet.DispatcherServlet        : Completed 200 OK
2019-07-23 21:11:10.140 DEBUG 10816 --- [http-nio-8089-exec-2] o.s.web.servlet.DispatcherServlet        : GET "/todos", parameters={}
2019-07-23 21:11:10.141 DEBUG 10816 --- [http-nio-8089-exec-2] s.w.s.m.m.a.RequestMappingHandlerMapping : Mapped to public java.util.List<com.thoughtworks.parking_lot.entity.Todo> com.thoughtworks.parking_lot.controller.TodoController.loadAllTodos()
2019-07-23 21:11:10.145 DEBUG 10816 --- [http-nio-8089-exec-2] m.m.a.RequestResponseBodyMethodProcessor : Using 'application/json', given [application/json, text/plain, */*] and supported [application/json, application/*+json, application/json, application/*+json]
2019-07-23 21:11:10.145 DEBUG 10816 --- [http-nio-8089-exec-2] m.m.a.RequestResponseBodyMethodProcessor : Writing [[Todo(id=402881e56c1ef1f7016c1ef3f67e0000, title=hhh, complete=true), Todo(id=402881e56c1ef1f7016c1e (truncated)...]
2019-07-23 21:11:10.146 DEBUG 10816 --- [http-nio-8089-exec-2] o.s.web.servlet.DispatcherServlet        : Completed 200 OK
2019-07-23 21:11:12.704 DEBUG 10816 --- [http-nio-8089-exec-3] o.s.web.servlet.DispatcherServlet        : PUT "/todos/402881e56c1ef1f7016c1ef41dea0002", parameters={}
2019-07-23 21:11:12.705 DEBUG 10816 --- [http-nio-8089-exec-3] s.w.s.m.m.a.RequestMappingHandlerMapping : Mapped to public com.thoughtworks.parking_lot.entity.Todo com.thoughtworks.parking_lot.controller.TodoController.update(java.lang.String,com.thoughtworks.parking_lot.entity.Todo)
2019-07-23 21:11:12.706 DEBUG 10816 --- [http-nio-8089-exec-3] m.m.a.RequestResponseBodyMethodProcessor : Read "application/json;charset=UTF-8" to [Todo(id=402881e56c1ef1f7016c1ef41dea0002, title=1, complete=true)]
2019-07-23 21:11:12.712 DEBUG 10816 --- [http-nio-8089-exec-3] m.m.a.RequestResponseBodyMethodProcessor : Using 'application/json', given [application/json, text/plain, */*] and supported [application/json, application/*+json, application/json, application/*+json]
2019-07-23 21:11:12.712 DEBUG 10816 --- [http-nio-8089-exec-3] m.m.a.RequestResponseBodyMethodProcessor : Writing [Todo(id=402881e56c1ef1f7016c1ef41dea0002, title=1, complete=true)]
2019-07-23 21:11:12.713 DEBUG 10816 --- [http-nio-8089-exec-3] o.s.web.servlet.DispatcherServlet        : Completed 200 OK
2019-07-23 21:11:12.717 DEBUG 10816 --- [http-nio-8089-exec-4] o.s.web.servlet.DispatcherServlet        : GET "/todos", parameters={}
2019-07-23 21:11:12.718 DEBUG 10816 --- [http-nio-8089-exec-4] s.w.s.m.m.a.RequestMappingHandlerMapping : Mapped to public java.util.List<com.thoughtworks.parking_lot.entity.Todo> com.thoughtworks.parking_lot.controller.TodoController.loadAllTodos()
2019-07-23 21:11:12.720 DEBUG 10816 --- [http-nio-8089-exec-4] m.m.a.RequestResponseBodyMethodProcessor : Using 'application/json', given [application/json, text/plain, */*] and supported [application/json, application/*+json, application/json, application/*+json]
2019-07-23 21:11:12.720 DEBUG 10816 --- [http-nio-8089-exec-4] m.m.a.RequestResponseBodyMethodProcessor : Writing [[Todo(id=402881e56c1ef1f7016c1ef3f67e0000, title=hhh, complete=true), Todo(id=402881e56c1ef1f7016c1e (truncated)...]
2019-07-23 21:11:12.721 DEBUG 10816 --- [http-nio-8089-exec-4] o.s.web.servlet.DispatcherServlet        : Completed 200 OK
2019-07-23 21:11:13.762 DEBUG 10816 --- [http-nio-8089-exec-5] o.s.web.servlet.DispatcherServlet        : GET "/todos", parameters={}
2019-07-23 21:11:13.763 DEBUG 10816 --- [http-nio-8089-exec-5] s.w.s.m.m.a.RequestMappingHandlerMapping : Mapped to public java.util.List<com.thoughtworks.parking_lot.entity.Todo> com.thoughtworks.parking_lot.controller.TodoController.loadAllTodos()
2019-07-23 21:11:13.769 DEBUG 10816 --- [http-nio-8089-exec-5] m.m.a.RequestResponseBodyMethodProcessor : Using 'application/json', given [application/json, text/plain, */*] and supported [application/json, application/*+json, application/json, application/*+json]
2019-07-23 21:11:13.769 DEBUG 10816 --- [http-nio-8089-exec-5] m.m.a.RequestResponseBodyMethodProcessor : Writing [[Todo(id=402881e56c1ef1f7016c1ef3f67e0000, title=hhh, complete=true), Todo(id=402881e56c1ef1f7016c1e (truncated)...]
2019-07-23 21:11:13.770 DEBUG 10816 --- [http-nio-8089-exec-5] o.s.web.servlet.DispatcherServlet        : Completed 200 OK
2019-07-23 21:11:13.773 DEBUG 10816 --- [http-nio-8089-exec-6] o.s.web.servlet.DispatcherServlet        : GET "/todos", parameters={}
2019-07-23 21:11:13.775 DEBUG 10816 --- [http-nio-8089-exec-6] s.w.s.m.m.a.RequestMappingHandlerMapping : Mapped to public java.util.List<com.thoughtworks.parking_lot.entity.Todo> com.thoughtworks.parking_lot.controller.TodoController.loadAllTodos()
2019-07-23 21:11:13.780 DEBUG 10816 --- [http-nio-8089-exec-6] m.m.a.RequestResponseBodyMethodProcessor : Using 'application/json', given [application/json, text/plain, */*] and supported [application/json, application/*+json, application/json, application/*+json]
2019-07-23 21:11:13.781 DEBUG 10816 --- [http-nio-8089-exec-6] m.m.a.RequestResponseBodyMethodProcessor : Writing [[Todo(id=402881e56c1ef1f7016c1ef3f67e0000, title=hhh, complete=true), Todo(id=402881e56c1ef1f7016c1e (truncated)...]
2019-07-23 21:11:13.781 DEBUG 10816 --- [http-nio-8089-exec-6] o.s.web.servlet.DispatcherServlet        : Completed 200 OK
2019-07-23 21:11:14.954 DEBUG 10816 --- [http-nio-8089-exec-7] o.s.web.servlet.DispatcherServlet        : PUT "/todos/402881e56c1ef1f7016c1ef42a4f0003", parameters={}
2019-07-23 21:11:14.954 DEBUG 10816 --- [http-nio-8089-exec-7] s.w.s.m.m.a.RequestMappingHandlerMapping : Mapped to public com.thoughtworks.parking_lot.entity.Todo com.thoughtworks.parking_lot.controller.TodoController.update(java.lang.String,com.thoughtworks.parking_lot.entity.Todo)
2019-07-23 21:11:14.955 DEBUG 10816 --- [http-nio-8089-exec-7] m.m.a.RequestResponseBodyMethodProcessor : Read "application/json;charset=UTF-8" to [Todo(id=402881e56c1ef1f7016c1ef42a4f0003, title=2, complete=true)]
2019-07-23 21:11:14.963 DEBUG 10816 --- [http-nio-8089-exec-7] m.m.a.RequestResponseBodyMethodProcessor : Using 'application/json', given [application/json, text/plain, */*] and supported [application/json, application/*+json, application/json, application/*+json]
2019-07-23 21:11:14.963 DEBUG 10816 --- [http-nio-8089-exec-7] m.m.a.RequestResponseBodyMethodProcessor : Writing [Todo(id=402881e56c1ef1f7016c1ef42a4f0003, title=2, complete=true)]
2019-07-23 21:11:14.964 DEBUG 10816 --- [http-nio-8089-exec-7] o.s.web.servlet.DispatcherServlet        : Completed 200 OK
2019-07-23 21:11:14.971 DEBUG 10816 --- [http-nio-8089-exec-8] o.s.web.servlet.DispatcherServlet        : GET "/todos", parameters={}
2019-07-23 21:11:14.972 DEBUG 10816 --- [http-nio-8089-exec-8] s.w.s.m.m.a.RequestMappingHandlerMapping : Mapped to public java.util.List<com.thoughtworks.parking_lot.entity.Todo> com.thoughtworks.parking_lot.controller.TodoController.loadAllTodos()
2019-07-23 21:11:14.974 DEBUG 10816 --- [http-nio-8089-exec-8] m.m.a.RequestResponseBodyMethodProcessor : Using 'application/json', given [application/json, text/plain, */*] and supported [application/json, application/*+json, application/json, application/*+json]
2019-07-23 21:11:14.975 DEBUG 10816 --- [http-nio-8089-exec-8] m.m.a.RequestResponseBodyMethodProcessor : Writing [[Todo(id=402881e56c1ef1f7016c1ef3f67e0000, title=hhh, complete=true), Todo(id=402881e56c1ef1f7016c1e (truncated)...]
2019-07-23 21:11:14.976 DEBUG 10816 --- [http-nio-8089-exec-8] o.s.web.servlet.DispatcherServlet        : Completed 200 OK
2019-07-23 21:11:16.120 DEBUG 10816 --- [http-nio-8089-exec-9] o.s.web.servlet.DispatcherServlet        : PUT "/todos/402881e56c1ef1f7016c1ef436200004", parameters={}
2019-07-23 21:11:16.122 DEBUG 10816 --- [http-nio-8089-exec-9] s.w.s.m.m.a.RequestMappingHandlerMapping : Mapped to public com.thoughtworks.parking_lot.entity.Todo com.thoughtworks.parking_lot.controller.TodoController.update(java.lang.String,com.thoughtworks.parking_lot.entity.Todo)
2019-07-23 21:11:16.123 DEBUG 10816 --- [http-nio-8089-exec-9] m.m.a.RequestResponseBodyMethodProcessor : Read "application/json;charset=UTF-8" to [Todo(id=402881e56c1ef1f7016c1ef436200004, title=3, complete=true)]
2019-07-23 21:11:16.127 DEBUG 10816 --- [http-nio-8089-exec-9] m.m.a.RequestResponseBodyMethodProcessor : Using 'application/json', given [application/json, text/plain, */*] and supported [application/json, application/*+json, application/json, application/*+json]
2019-07-23 21:11:16.128 DEBUG 10816 --- [http-nio-8089-exec-9] m.m.a.RequestResponseBodyMethodProcessor : Writing [Todo(id=402881e56c1ef1f7016c1ef436200004, title=3, complete=true)]
2019-07-23 21:11:16.129 DEBUG 10816 --- [http-nio-8089-exec-9] o.s.web.servlet.DispatcherServlet        : Completed 200 OK
2019-07-23 21:11:16.135 DEBUG 10816 --- [http-nio-8089-exec-10] o.s.web.servlet.DispatcherServlet        : GET "/todos", parameters={}
2019-07-23 21:11:16.136 DEBUG 10816 --- [http-nio-8089-exec-10] s.w.s.m.m.a.RequestMappingHandlerMapping : Mapped to public java.util.List<com.thoughtworks.parking_lot.entity.Todo> com.thoughtworks.parking_lot.controller.TodoController.loadAllTodos()
2019-07-23 21:11:16.138 DEBUG 10816 --- [http-nio-8089-exec-10] m.m.a.RequestResponseBodyMethodProcessor : Using 'application/json', given [application/json, text/plain, */*] and supported [application/json, application/*+json, application/json, application/*+json]
2019-07-23 21:11:16.139 DEBUG 10816 --- [http-nio-8089-exec-10] m.m.a.RequestResponseBodyMethodProcessor : Writing [[Todo(id=402881e56c1ef1f7016c1ef3f67e0000, title=hhh, complete=true), Todo(id=402881e56c1ef1f7016c1e (truncated)...]
2019-07-23 21:11:16.139 DEBUG 10816 --- [http-nio-8089-exec-10] o.s.web.servlet.DispatcherServlet        : Completed 200 OK
2019-07-23 21:11:17.238 DEBUG 10816 --- [http-nio-8089-exec-1] o.s.web.servlet.DispatcherServlet        : PUT "/todos/402881e56c1ef1f7016c1ef436200004", parameters={}
2019-07-23 21:11:17.238 DEBUG 10816 --- [http-nio-8089-exec-1] s.w.s.m.m.a.RequestMappingHandlerMapping : Mapped to public com.thoughtworks.parking_lot.entity.Todo com.thoughtworks.parking_lot.controller.TodoController.update(java.lang.String,com.thoughtworks.parking_lot.entity.Todo)
2019-07-23 21:11:17.239 DEBUG 10816 --- [http-nio-8089-exec-1] m.m.a.RequestResponseBodyMethodProcessor : Read "application/json;charset=UTF-8" to [Todo(id=402881e56c1ef1f7016c1ef436200004, title=3, complete=false)]
2019-07-23 21:11:17.247 DEBUG 10816 --- [http-nio-8089-exec-1] m.m.a.RequestResponseBodyMethodProcessor : Using 'application/json', given [application/json, text/plain, */*] and supported [application/json, application/*+json, application/json, application/*+json]
2019-07-23 21:11:17.248 DEBUG 10816 --- [http-nio-8089-exec-1] m.m.a.RequestResponseBodyMethodProcessor : Writing [Todo(id=402881e56c1ef1f7016c1ef436200004, title=3, complete=false)]
2019-07-23 21:11:17.249 DEBUG 10816 --- [http-nio-8089-exec-1] o.s.web.servlet.DispatcherServlet        : Completed 200 OK
2019-07-23 21:11:17.256 DEBUG 10816 --- [http-nio-8089-exec-2] o.s.web.servlet.DispatcherServlet        : GET "/todos", parameters={}
2019-07-23 21:11:17.257 DEBUG 10816 --- [http-nio-8089-exec-2] s.w.s.m.m.a.RequestMappingHandlerMapping : Mapped to public java.util.List<com.thoughtworks.parking_lot.entity.Todo> com.thoughtworks.parking_lot.controller.TodoController.loadAllTodos()
2019-07-23 21:11:17.261 DEBUG 10816 --- [http-nio-8089-exec-2] m.m.a.RequestResponseBodyMethodProcessor : Using 'application/json', given [application/json, text/plain, */*] and supported [application/json, application/*+json, application/json, application/*+json]
2019-07-23 21:11:17.261 DEBUG 10816 --- [http-nio-8089-exec-2] m.m.a.RequestResponseBodyMethodProcessor : Writing [[Todo(id=402881e56c1ef1f7016c1ef3f67e0000, title=hhh, complete=true), Todo(id=402881e56c1ef1f7016c1e (truncated)...]
2019-07-23 21:11:17.263 DEBUG 10816 --- [http-nio-8089-exec-2] o.s.web.servlet.DispatcherServlet        : Completed 200 OK
2019-07-23 21:11:18.298 DEBUG 10816 --- [http-nio-8089-exec-3] o.s.web.servlet.DispatcherServlet        : OPTIONS "/todos/402881e56c1ef1f7016c1ef443ab0005", parameters={}
2019-07-23 21:11:18.299 DEBUG 10816 --- [http-nio-8089-exec-3] s.w.s.m.m.a.RequestMappingHandlerMapping : Mapped to public com.thoughtworks.parking_lot.entity.Todo com.thoughtworks.parking_lot.controller.TodoController.update(java.lang.String,com.thoughtworks.parking_lot.entity.Todo)
2019-07-23 21:11:18.299 DEBUG 10816 --- [http-nio-8089-exec-3] o.s.web.servlet.DispatcherServlet        : Completed 200 OK
2019-07-23 21:11:18.306 DEBUG 10816 --- [http-nio-8089-exec-4] o.s.web.servlet.DispatcherServlet        : PUT "/todos/402881e56c1ef1f7016c1ef443ab0005", parameters={}
2019-07-23 21:11:18.307 DEBUG 10816 --- [http-nio-8089-exec-4] s.w.s.m.m.a.RequestMappingHandlerMapping : Mapped to public com.thoughtworks.parking_lot.entity.Todo com.thoughtworks.parking_lot.controller.TodoController.update(java.lang.String,com.thoughtworks.parking_lot.entity.Todo)
2019-07-23 21:11:18.308 DEBUG 10816 --- [http-nio-8089-exec-4] m.m.a.RequestResponseBodyMethodProcessor : Read "application/json;charset=UTF-8" to [Todo(id=402881e56c1ef1f7016c1ef443ab0005, title=4, complete=false)]
2019-07-23 21:11:18.311 DEBUG 10816 --- [http-nio-8089-exec-4] m.m.a.RequestResponseBodyMethodProcessor : Using 'application/json', given [application/json, text/plain, */*] and supported [application/json, application/*+json, application/json, application/*+json]
2019-07-23 21:11:18.311 DEBUG 10816 --- [http-nio-8089-exec-4] m.m.a.RequestResponseBodyMethodProcessor : Writing [Todo(id=402881e56c1ef1f7016c1ef443ab0005, title=4, complete=false)]
2019-07-23 21:11:18.314 DEBUG 10816 --- [http-nio-8089-exec-4] o.s.web.servlet.DispatcherServlet        : Completed 200 OK
2019-07-23 21:11:18.318 DEBUG 10816 --- [http-nio-8089-exec-5] o.s.web.servlet.DispatcherServlet        : GET "/todos", parameters={}
2019-07-23 21:11:18.319 DEBUG 10816 --- [http-nio-8089-exec-5] s.w.s.m.m.a.RequestMappingHandlerMapping : Mapped to public java.util.List<com.thoughtworks.parking_lot.entity.Todo> com.thoughtworks.parking_lot.controller.TodoController.loadAllTodos()
2019-07-23 21:11:18.321 DEBUG 10816 --- [http-nio-8089-exec-5] m.m.a.RequestResponseBodyMethodProcessor : Using 'application/json', given [application/json, text/plain, */*] and supported [application/json, application/*+json, application/json, application/*+json]
2019-07-23 21:11:18.322 DEBUG 10816 --- [http-nio-8089-exec-5] m.m.a.RequestResponseBodyMethodProcessor : Writing [[Todo(id=402881e56c1ef1f7016c1ef3f67e0000, title=hhh, complete=true), Todo(id=402881e56c1ef1f7016c1e (truncated)...]
2019-07-23 21:11:18.325 DEBUG 10816 --- [http-nio-8089-exec-5] o.s.web.servlet.DispatcherServlet        : Completed 200 OK
2019-07-23 21:11:18.468 DEBUG 10816 --- [http-nio-8089-exec-6] o.s.web.servlet.DispatcherServlet        : PUT "/todos/402881e56c1ef1f7016c1ef443ab0005", parameters={}
2019-07-23 21:11:18.469 DEBUG 10816 --- [http-nio-8089-exec-6] s.w.s.m.m.a.RequestMappingHandlerMapping : Mapped to public com.thoughtworks.parking_lot.entity.Todo com.thoughtworks.parking_lot.controller.TodoController.update(java.lang.String,com.thoughtworks.parking_lot.entity.Todo)
2019-07-23 21:11:18.470 DEBUG 10816 --- [http-nio-8089-exec-6] m.m.a.RequestResponseBodyMethodProcessor : Read "application/json;charset=UTF-8" to [Todo(id=402881e56c1ef1f7016c1ef443ab0005, title=4, complete=true)]
2019-07-23 21:11:18.473 DEBUG 10816 --- [http-nio-8089-exec-6] m.m.a.RequestResponseBodyMethodProcessor : Using 'application/json', given [application/json, text/plain, */*] and supported [application/json, application/*+json, application/json, application/*+json]
2019-07-23 21:11:18.473 DEBUG 10816 --- [http-nio-8089-exec-6] m.m.a.RequestResponseBodyMethodProcessor : Writing [Todo(id=402881e56c1ef1f7016c1ef443ab0005, title=4, complete=true)]
2019-07-23 21:11:18.477 DEBUG 10816 --- [http-nio-8089-exec-6] o.s.web.servlet.DispatcherServlet        : Completed 200 OK
2019-07-23 21:11:18.484 DEBUG 10816 --- [http-nio-8089-exec-7] o.s.web.servlet.DispatcherServlet        : GET "/todos", parameters={}
2019-07-23 21:11:18.485 DEBUG 10816 --- [http-nio-8089-exec-7] s.w.s.m.m.a.RequestMappingHandlerMapping : Mapped to public java.util.List<com.thoughtworks.parking_lot.entity.Todo> com.thoughtworks.parking_lot.controller.TodoController.loadAllTodos()
2019-07-23 21:11:18.487 DEBUG 10816 --- [http-nio-8089-exec-7] m.m.a.RequestResponseBodyMethodProcessor : Using 'application/json', given [application/json, text/plain, */*] and supported [application/json, application/*+json, application/json, application/*+json]
2019-07-23 21:11:18.488 DEBUG 10816 --- [http-nio-8089-exec-7] m.m.a.RequestResponseBodyMethodProcessor : Writing [[Todo(id=402881e56c1ef1f7016c1ef3f67e0000, title=hhh, complete=true), Todo(id=402881e56c1ef1f7016c1e (truncated)...]
2019-07-23 21:11:18.491 DEBUG 10816 --- [http-nio-8089-exec-7] o.s.web.servlet.DispatcherServlet        : Completed 200 OK
2019-07-23 21:11:18.628 DEBUG 10816 --- [http-nio-8089-exec-8] o.s.web.servlet.DispatcherServlet        : PUT "/todos/402881e56c1ef1f7016c1ef443ab0005", parameters={}
2019-07-23 21:11:18.628 DEBUG 10816 --- [http-nio-8089-exec-8] s.w.s.m.m.a.RequestMappingHandlerMapping : Mapped to public com.thoughtworks.parking_lot.entity.Todo com.thoughtworks.parking_lot.controller.TodoController.update(java.lang.String,com.thoughtworks.parking_lot.entity.Todo)
2019-07-23 21:11:18.629 DEBUG 10816 --- [http-nio-8089-exec-8] m.m.a.RequestResponseBodyMethodProcessor : Read "application/json;charset=UTF-8" to [Todo(id=402881e56c1ef1f7016c1ef443ab0005, title=4, complete=false)]
2019-07-23 21:11:18.631 DEBUG 10816 --- [http-nio-8089-exec-8] m.m.a.RequestResponseBodyMethodProcessor : Using 'application/json', given [application/json, text/plain, */*] and supported [application/json, application/*+json, application/json, application/*+json]
2019-07-23 21:11:18.631 DEBUG 10816 --- [http-nio-8089-exec-8] m.m.a.RequestResponseBodyMethodProcessor : Writing [Todo(id=402881e56c1ef1f7016c1ef443ab0005, title=4, complete=false)]
2019-07-23 21:11:18.632 DEBUG 10816 --- [http-nio-8089-exec-8] o.s.web.servlet.DispatcherServlet        : Completed 200 OK
2019-07-23 21:11:18.639 DEBUG 10816 --- [http-nio-8089-exec-9] o.s.web.servlet.DispatcherServlet        : GET "/todos", parameters={}
2019-07-23 21:11:18.640 DEBUG 10816 --- [http-nio-8089-exec-9] s.w.s.m.m.a.RequestMappingHandlerMapping : Mapped to public java.util.List<com.thoughtworks.parking_lot.entity.Todo> com.thoughtworks.parking_lot.controller.TodoController.loadAllTodos()
2019-07-23 21:11:18.642 DEBUG 10816 --- [http-nio-8089-exec-9] m.m.a.RequestResponseBodyMethodProcessor : Using 'application/json', given [application/json, text/plain, */*] and supported [application/json, application/*+json, application/json, application/*+json]
2019-07-23 21:11:18.642 DEBUG 10816 --- [http-nio-8089-exec-9] m.m.a.RequestResponseBodyMethodProcessor : Writing [[Todo(id=402881e56c1ef1f7016c1ef3f67e0000, title=hhh, complete=true), Todo(id=402881e56c1ef1f7016c1e (truncated)...]
2019-07-23 21:11:18.642 DEBUG 10816 --- [http-nio-8089-exec-9] o.s.web.servlet.DispatcherServlet        : Completed 200 OK
2019-07-23 21:11:18.778 DEBUG 10816 --- [http-nio-8089-exec-10] o.s.web.servlet.DispatcherServlet        : PUT "/todos/402881e56c1ef1f7016c1ef443ab0005", parameters={}
2019-07-23 21:11:18.778 DEBUG 10816 --- [http-nio-8089-exec-10] s.w.s.m.m.a.RequestMappingHandlerMapping : Mapped to public com.thoughtworks.parking_lot.entity.Todo com.thoughtworks.parking_lot.controller.TodoController.update(java.lang.String,com.thoughtworks.parking_lot.entity.Todo)
2019-07-23 21:11:18.779 DEBUG 10816 --- [http-nio-8089-exec-10] m.m.a.RequestResponseBodyMethodProcessor : Read "application/json;charset=UTF-8" to [Todo(id=402881e56c1ef1f7016c1ef443ab0005, title=4, complete=true)]
2019-07-23 21:11:18.782 DEBUG 10816 --- [http-nio-8089-exec-10] m.m.a.RequestResponseBodyMethodProcessor : Using 'application/json', given [application/json, text/plain, */*] and supported [application/json, application/*+json, application/json, application/*+json]
2019-07-23 21:11:18.782 DEBUG 10816 --- [http-nio-8089-exec-10] m.m.a.RequestResponseBodyMethodProcessor : Writing [Todo(id=402881e56c1ef1f7016c1ef443ab0005, title=4, complete=true)]
2019-07-23 21:11:18.783 DEBUG 10816 --- [http-nio-8089-exec-10] o.s.web.servlet.DispatcherServlet        : Completed 200 OK
2019-07-23 21:11:18.786 DEBUG 10816 --- [http-nio-8089-exec-1] o.s.web.servlet.DispatcherServlet        : GET "/todos", parameters={}
2019-07-23 21:11:18.787 DEBUG 10816 --- [http-nio-8089-exec-1] s.w.s.m.m.a.RequestMappingHandlerMapping : Mapped to public java.util.List<com.thoughtworks.parking_lot.entity.Todo> com.thoughtworks.parking_lot.controller.TodoController.loadAllTodos()
2019-07-23 21:11:18.789 DEBUG 10816 --- [http-nio-8089-exec-1] m.m.a.RequestResponseBodyMethodProcessor : Using 'application/json', given [application/json, text/plain, */*] and supported [application/json, application/*+json, application/json, application/*+json]
2019-07-23 21:11:18.790 DEBUG 10816 --- [http-nio-8089-exec-1] m.m.a.RequestResponseBodyMethodProcessor : Writing [[Todo(id=402881e56c1ef1f7016c1ef3f67e0000, title=hhh, complete=true), Todo(id=402881e56c1ef1f7016c1e (truncated)...]
2019-07-23 21:11:18.790 DEBUG 10816 --- [http-nio-8089-exec-1] o.s.web.servlet.DispatcherServlet        : Completed 200 OK
2019-07-23 21:11:18.940 DEBUG 10816 --- [http-nio-8089-exec-2] o.s.web.servlet.DispatcherServlet        : PUT "/todos/402881e56c1ef1f7016c1ef443ab0005", parameters={}
2019-07-23 21:11:18.940 DEBUG 10816 --- [http-nio-8089-exec-2] s.w.s.m.m.a.RequestMappingHandlerMapping : Mapped to public com.thoughtworks.parking_lot.entity.Todo com.thoughtworks.parking_lot.controller.TodoController.update(java.lang.String,com.thoughtworks.parking_lot.entity.Todo)
2019-07-23 21:11:18.941 DEBUG 10816 --- [http-nio-8089-exec-2] m.m.a.RequestResponseBodyMethodProcessor : Read "application/json;charset=UTF-8" to [Todo(id=402881e56c1ef1f7016c1ef443ab0005, title=4, complete=false)]
2019-07-23 21:11:18.944 DEBUG 10816 --- [http-nio-8089-exec-2] m.m.a.RequestResponseBodyMethodProcessor : Using 'application/json', given [application/json, text/plain, */*] and supported [application/json, application/*+json, application/json, application/*+json]
2019-07-23 21:11:18.944 DEBUG 10816 --- [http-nio-8089-exec-2] m.m.a.RequestResponseBodyMethodProcessor : Writing [Todo(id=402881e56c1ef1f7016c1ef443ab0005, title=4, complete=false)]
2019-07-23 21:11:18.944 DEBUG 10816 --- [http-nio-8089-exec-2] o.s.web.servlet.DispatcherServlet        : Completed 200 OK
2019-07-23 21:11:18.953 DEBUG 10816 --- [http-nio-8089-exec-3] o.s.web.servlet.DispatcherServlet        : GET "/todos", parameters={}
2019-07-23 21:11:18.953 DEBUG 10816 --- [http-nio-8089-exec-3] s.w.s.m.m.a.RequestMappingHandlerMapping : Mapped to public java.util.List<com.thoughtworks.parking_lot.entity.Todo> com.thoughtworks.parking_lot.controller.TodoController.loadAllTodos()
2019-07-23 21:11:18.956 DEBUG 10816 --- [http-nio-8089-exec-3] m.m.a.RequestResponseBodyMethodProcessor : Using 'application/json', given [application/json, text/plain, */*] and supported [application/json, application/*+json, application/json, application/*+json]
2019-07-23 21:11:18.956 DEBUG 10816 --- [http-nio-8089-exec-3] m.m.a.RequestResponseBodyMethodProcessor : Writing [[Todo(id=402881e56c1ef1f7016c1ef3f67e0000, title=hhh, complete=true), Todo(id=402881e56c1ef1f7016c1e (truncated)...]
2019-07-23 21:11:18.957 DEBUG 10816 --- [http-nio-8089-exec-3] o.s.web.servlet.DispatcherServlet        : Completed 200 OK
2019-07-23 21:11:19.413 DEBUG 10816 --- [http-nio-8089-exec-4] o.s.web.servlet.DispatcherServlet        : PUT "/todos/402881e56c1ef1f7016c1ef443ab0005", parameters={}
2019-07-23 21:11:19.414 DEBUG 10816 --- [http-nio-8089-exec-4] s.w.s.m.m.a.RequestMappingHandlerMapping : Mapped to public com.thoughtworks.parking_lot.entity.Todo com.thoughtworks.parking_lot.controller.TodoController.update(java.lang.String,com.thoughtworks.parking_lot.entity.Todo)
2019-07-23 21:11:19.415 DEBUG 10816 --- [http-nio-8089-exec-4] m.m.a.RequestResponseBodyMethodProcessor : Read "application/json;charset=UTF-8" to [Todo(id=402881e56c1ef1f7016c1ef443ab0005, title=4, complete=true)]
2019-07-23 21:11:19.417 DEBUG 10816 --- [http-nio-8089-exec-4] m.m.a.RequestResponseBodyMethodProcessor : Using 'application/json', given [application/json, text/plain, */*] and supported [application/json, application/*+json, application/json, application/*+json]
2019-07-23 21:11:19.417 DEBUG 10816 --- [http-nio-8089-exec-4] m.m.a.RequestResponseBodyMethodProcessor : Writing [Todo(id=402881e56c1ef1f7016c1ef443ab0005, title=4, complete=true)]
2019-07-23 21:11:19.418 DEBUG 10816 --- [http-nio-8089-exec-4] o.s.web.servlet.DispatcherServlet        : Completed 200 OK
2019-07-23 21:11:19.422 DEBUG 10816 --- [http-nio-8089-exec-5] o.s.web.servlet.DispatcherServlet        : GET "/todos", parameters={}
2019-07-23 21:11:19.422 DEBUG 10816 --- [http-nio-8089-exec-5] s.w.s.m.m.a.RequestMappingHandlerMapping : Mapped to public java.util.List<com.thoughtworks.parking_lot.entity.Todo> com.thoughtworks.parking_lot.controller.TodoController.loadAllTodos()
2019-07-23 21:11:19.424 DEBUG 10816 --- [http-nio-8089-exec-5] m.m.a.RequestResponseBodyMethodProcessor : Using 'application/json', given [application/json, text/plain, */*] and supported [application/json, application/*+json, application/json, application/*+json]
2019-07-23 21:11:19.424 DEBUG 10816 --- [http-nio-8089-exec-5] m.m.a.RequestResponseBodyMethodProcessor : Writing [[Todo(id=402881e56c1ef1f7016c1ef3f67e0000, title=hhh, complete=true), Todo(id=402881e56c1ef1f7016c1e (truncated)...]
2019-07-23 21:11:19.426 DEBUG 10816 --- [http-nio-8089-exec-5] o.s.web.servlet.DispatcherServlet        : Completed 200 OK
2019-07-23 21:11:19.571 DEBUG 10816 --- [http-nio-8089-exec-6] o.s.web.servlet.DispatcherServlet        : PUT "/todos/402881e56c1ef1f7016c1ef443ab0005", parameters={}
2019-07-23 21:11:19.572 DEBUG 10816 --- [http-nio-8089-exec-6] s.w.s.m.m.a.RequestMappingHandlerMapping : Mapped to public com.thoughtworks.parking_lot.entity.Todo com.thoughtworks.parking_lot.controller.TodoController.update(java.lang.String,com.thoughtworks.parking_lot.entity.Todo)
2019-07-23 21:11:19.573 DEBUG 10816 --- [http-nio-8089-exec-6] m.m.a.RequestResponseBodyMethodProcessor : Read "application/json;charset=UTF-8" to [Todo(id=402881e56c1ef1f7016c1ef443ab0005, title=4, complete=false)]
2019-07-23 21:11:19.575 DEBUG 10816 --- [http-nio-8089-exec-6] m.m.a.RequestResponseBodyMethodProcessor : Using 'application/json', given [application/json, text/plain, */*] and supported [application/json, application/*+json, application/json, application/*+json]
2019-07-23 21:11:19.575 DEBUG 10816 --- [http-nio-8089-exec-6] m.m.a.RequestResponseBodyMethodProcessor : Writing [Todo(id=402881e56c1ef1f7016c1ef443ab0005, title=4, complete=false)]
2019-07-23 21:11:19.576 DEBUG 10816 --- [http-nio-8089-exec-6] o.s.web.servlet.DispatcherServlet        : Completed 200 OK
2019-07-23 21:11:19.580 DEBUG 10816 --- [http-nio-8089-exec-7] o.s.web.servlet.DispatcherServlet        : GET "/todos", parameters={}
2019-07-23 21:11:19.580 DEBUG 10816 --- [http-nio-8089-exec-7] s.w.s.m.m.a.RequestMappingHandlerMapping : Mapped to public java.util.List<com.thoughtworks.parking_lot.entity.Todo> com.thoughtworks.parking_lot.controller.TodoController.loadAllTodos()
2019-07-23 21:11:19.582 DEBUG 10816 --- [http-nio-8089-exec-7] m.m.a.RequestResponseBodyMethodProcessor : Using 'application/json', given [application/json, text/plain, */*] and supported [application/json, application/*+json, application/json, application/*+json]
2019-07-23 21:11:19.583 DEBUG 10816 --- [http-nio-8089-exec-7] m.m.a.RequestResponseBodyMethodProcessor : Writing [[Todo(id=402881e56c1ef1f7016c1ef3f67e0000, title=hhh, complete=true), Todo(id=402881e56c1ef1f7016c1e (truncated)...]
2019-07-23 21:11:19.583 DEBUG 10816 --- [http-nio-8089-exec-7] o.s.web.servlet.DispatcherServlet        : Completed 200 OK
2019-07-23 21:11:19.730 DEBUG 10816 --- [http-nio-8089-exec-8] o.s.web.servlet.DispatcherServlet        : PUT "/todos/402881e56c1ef1f7016c1ef443ab0005", parameters={}
2019-07-23 21:11:19.731 DEBUG 10816 --- [http-nio-8089-exec-8] s.w.s.m.m.a.RequestMappingHandlerMapping : Mapped to public com.thoughtworks.parking_lot.entity.Todo com.thoughtworks.parking_lot.controller.TodoController.update(java.lang.String,com.thoughtworks.parking_lot.entity.Todo)
2019-07-23 21:11:19.736 DEBUG 10816 --- [http-nio-8089-exec-8] m.m.a.RequestResponseBodyMethodProcessor : Read "application/json;charset=UTF-8" to [Todo(id=402881e56c1ef1f7016c1ef443ab0005, title=4, complete=true)]
2019-07-23 21:11:19.738 DEBUG 10816 --- [http-nio-8089-exec-8] m.m.a.RequestResponseBodyMethodProcessor : Using 'application/json', given [application/json, text/plain, */*] and supported [application/json, application/*+json, application/json, application/*+json]
2019-07-23 21:11:19.738 DEBUG 10816 --- [http-nio-8089-exec-8] m.m.a.RequestResponseBodyMethodProcessor : Writing [Todo(id=402881e56c1ef1f7016c1ef443ab0005, title=4, complete=true)]
2019-07-23 21:11:19.739 DEBUG 10816 --- [http-nio-8089-exec-8] o.s.web.servlet.DispatcherServlet        : Completed 200 OK
2019-07-23 21:11:19.746 DEBUG 10816 --- [http-nio-8089-exec-9] o.s.web.servlet.DispatcherServlet        : GET "/todos", parameters={}
2019-07-23 21:11:19.746 DEBUG 10816 --- [http-nio-8089-exec-9] s.w.s.m.m.a.RequestMappingHandlerMapping : Mapped to public java.util.List<com.thoughtworks.parking_lot.entity.Todo> com.thoughtworks.parking_lot.controller.TodoController.loadAllTodos()
2019-07-23 21:11:19.750 DEBUG 10816 --- [http-nio-8089-exec-9] m.m.a.RequestResponseBodyMethodProcessor : Using 'application/json', given [application/json, text/plain, */*] and supported [application/json, application/*+json, application/json, application/*+json]
2019-07-23 21:11:19.750 DEBUG 10816 --- [http-nio-8089-exec-9] m.m.a.RequestResponseBodyMethodProcessor : Writing [[Todo(id=402881e56c1ef1f7016c1ef3f67e0000, title=hhh, complete=true), Todo(id=402881e56c1ef1f7016c1e (truncated)...]
2019-07-23 21:11:19.751 DEBUG 10816 --- [http-nio-8089-exec-9] o.s.web.servlet.DispatcherServlet        : Completed 200 OK
2019-07-23 21:11:19.895 DEBUG 10816 --- [http-nio-8089-exec-10] o.s.web.servlet.DispatcherServlet        : PUT "/todos/402881e56c1ef1f7016c1ef443ab0005", parameters={}
2019-07-23 21:11:19.896 DEBUG 10816 --- [http-nio-8089-exec-10] s.w.s.m.m.a.RequestMappingHandlerMapping : Mapped to public com.thoughtworks.parking_lot.entity.Todo com.thoughtworks.parking_lot.controller.TodoController.update(java.lang.String,com.thoughtworks.parking_lot.entity.Todo)
2019-07-23 21:11:19.897 DEBUG 10816 --- [http-nio-8089-exec-10] m.m.a.RequestResponseBodyMethodProcessor : Read "application/json;charset=UTF-8" to [Todo(id=402881e56c1ef1f7016c1ef443ab0005, title=4, complete=false)]
2019-07-23 21:11:19.899 DEBUG 10816 --- [http-nio-8089-exec-10] m.m.a.RequestResponseBodyMethodProcessor : Using 'application/json', given [application/json, text/plain, */*] and supported [application/json, application/*+json, application/json, application/*+json]
2019-07-23 21:11:19.899 DEBUG 10816 --- [http-nio-8089-exec-10] m.m.a.RequestResponseBodyMethodProcessor : Writing [Todo(id=402881e56c1ef1f7016c1ef443ab0005, title=4, complete=false)]
2019-07-23 21:11:19.900 DEBUG 10816 --- [http-nio-8089-exec-10] o.s.web.servlet.DispatcherServlet        : Completed 200 OK
2019-07-23 21:11:19.903 DEBUG 10816 --- [http-nio-8089-exec-1] o.s.web.servlet.DispatcherServlet        : GET "/todos", parameters={}
2019-07-23 21:11:19.904 DEBUG 10816 --- [http-nio-8089-exec-1] s.w.s.m.m.a.RequestMappingHandlerMapping : Mapped to public java.util.List<com.thoughtworks.parking_lot.entity.Todo> com.thoughtworks.parking_lot.controller.TodoController.loadAllTodos()
2019-07-23 21:11:19.906 DEBUG 10816 --- [http-nio-8089-exec-1] m.m.a.RequestResponseBodyMethodProcessor : Using 'application/json', given [application/json, text/plain, */*] and supported [application/json, application/*+json, application/json, application/*+json]
2019-07-23 21:11:19.906 DEBUG 10816 --- [http-nio-8089-exec-1] m.m.a.RequestResponseBodyMethodProcessor : Writing [[Todo(id=402881e56c1ef1f7016c1ef3f67e0000, title=hhh, complete=true), Todo(id=402881e56c1ef1f7016c1e (truncated)...]
2019-07-23 21:11:19.906 DEBUG 10816 --- [http-nio-8089-exec-1] o.s.web.servlet.DispatcherServlet        : Completed 200 OK
2019-07-23 21:11:20.055 DEBUG 10816 --- [http-nio-8089-exec-2] o.s.web.servlet.DispatcherServlet        : PUT "/todos/402881e56c1ef1f7016c1ef443ab0005", parameters={}
2019-07-23 21:11:20.062 DEBUG 10816 --- [http-nio-8089-exec-2] s.w.s.m.m.a.RequestMappingHandlerMapping : Mapped to public com.thoughtworks.parking_lot.entity.Todo com.thoughtworks.parking_lot.controller.TodoController.update(java.lang.String,com.thoughtworks.parking_lot.entity.Todo)
2019-07-23 21:11:20.071 DEBUG 10816 --- [http-nio-8089-exec-2] m.m.a.RequestResponseBodyMethodProcessor : Read "application/json;charset=UTF-8" to [Todo(id=402881e56c1ef1f7016c1ef443ab0005, title=4, complete=true)]
2019-07-23 21:11:20.075 DEBUG 10816 --- [http-nio-8089-exec-2] m.m.a.RequestResponseBodyMethodProcessor : Using 'application/json', given [application/json, text/plain, */*] and supported [application/json, application/*+json, application/json, application/*+json]
2019-07-23 21:11:20.075 DEBUG 10816 --- [http-nio-8089-exec-2] m.m.a.RequestResponseBodyMethodProcessor : Writing [Todo(id=402881e56c1ef1f7016c1ef443ab0005, title=4, complete=true)]
2019-07-23 21:11:20.076 DEBUG 10816 --- [http-nio-8089-exec-2] o.s.web.servlet.DispatcherServlet        : Completed 200 OK
2019-07-23 21:11:20.080 DEBUG 10816 --- [http-nio-8089-exec-3] o.s.web.servlet.DispatcherServlet        : GET "/todos", parameters={}
2019-07-23 21:11:20.080 DEBUG 10816 --- [http-nio-8089-exec-3] s.w.s.m.m.a.RequestMappingHandlerMapping : Mapped to public java.util.List<com.thoughtworks.parking_lot.entity.Todo> com.thoughtworks.parking_lot.controller.TodoController.loadAllTodos()
2019-07-23 21:11:20.082 DEBUG 10816 --- [http-nio-8089-exec-3] m.m.a.RequestResponseBodyMethodProcessor : Using 'application/json', given [application/json, text/plain, */*] and supported [application/json, application/*+json, application/json, application/*+json]
2019-07-23 21:11:20.083 DEBUG 10816 --- [http-nio-8089-exec-3] m.m.a.RequestResponseBodyMethodProcessor : Writing [[Todo(id=402881e56c1ef1f7016c1ef3f67e0000, title=hhh, complete=true), Todo(id=402881e56c1ef1f7016c1e (truncated)...]
2019-07-23 21:11:20.083 DEBUG 10816 --- [http-nio-8089-exec-3] o.s.web.servlet.DispatcherServlet        : Completed 200 OK
2019-07-23 21:11:20.214 DEBUG 10816 --- [http-nio-8089-exec-4] o.s.web.servlet.DispatcherServlet        : PUT "/todos/402881e56c1ef1f7016c1ef443ab0005", parameters={}
2019-07-23 21:11:20.215 DEBUG 10816 --- [http-nio-8089-exec-4] s.w.s.m.m.a.RequestMappingHandlerMapping : Mapped to public com.thoughtworks.parking_lot.entity.Todo com.thoughtworks.parking_lot.controller.TodoController.update(java.lang.String,com.thoughtworks.parking_lot.entity.Todo)
2019-07-23 21:11:20.216 DEBUG 10816 --- [http-nio-8089-exec-4] m.m.a.RequestResponseBodyMethodProcessor : Read "application/json;charset=UTF-8" to [Todo(id=402881e56c1ef1f7016c1ef443ab0005, title=4, complete=false)]
2019-07-23 21:11:20.218 DEBUG 10816 --- [http-nio-8089-exec-4] m.m.a.RequestResponseBodyMethodProcessor : Using 'application/json', given [application/json, text/plain, */*] and supported [application/json, application/*+json, application/json, application/*+json]
2019-07-23 21:11:20.218 DEBUG 10816 --- [http-nio-8089-exec-4] m.m.a.RequestResponseBodyMethodProcessor : Writing [Todo(id=402881e56c1ef1f7016c1ef443ab0005, title=4, complete=false)]
2019-07-23 21:11:20.219 DEBUG 10816 --- [http-nio-8089-exec-4] o.s.web.servlet.DispatcherServlet        : Completed 200 OK
2019-07-23 21:11:20.222 DEBUG 10816 --- [http-nio-8089-exec-5] o.s.web.servlet.DispatcherServlet        : GET "/todos", parameters={}
2019-07-23 21:11:20.223 DEBUG 10816 --- [http-nio-8089-exec-5] s.w.s.m.m.a.RequestMappingHandlerMapping : Mapped to public java.util.List<com.thoughtworks.parking_lot.entity.Todo> com.thoughtworks.parking_lot.controller.TodoController.loadAllTodos()
2019-07-23 21:11:20.225 DEBUG 10816 --- [http-nio-8089-exec-5] m.m.a.RequestResponseBodyMethodProcessor : Using 'application/json', given [application/json, text/plain, */*] and supported [application/json, application/*+json, application/json, application/*+json]
2019-07-23 21:11:20.225 DEBUG 10816 --- [http-nio-8089-exec-5] m.m.a.RequestResponseBodyMethodProcessor : Writing [[Todo(id=402881e56c1ef1f7016c1ef3f67e0000, title=hhh, complete=true), Todo(id=402881e56c1ef1f7016c1e (truncated)...]
2019-07-23 21:11:20.225 DEBUG 10816 --- [http-nio-8089-exec-5] o.s.web.servlet.DispatcherServlet        : Completed 200 OK
2019-07-23 21:11:20.375 DEBUG 10816 --- [http-nio-8089-exec-6] o.s.web.servlet.DispatcherServlet        : PUT "/todos/402881e56c1ef1f7016c1ef443ab0005", parameters={}
2019-07-23 21:11:20.376 DEBUG 10816 --- [http-nio-8089-exec-6] s.w.s.m.m.a.RequestMappingHandlerMapping : Mapped to public com.thoughtworks.parking_lot.entity.Todo com.thoughtworks.parking_lot.controller.TodoController.update(java.lang.String,com.thoughtworks.parking_lot.entity.Todo)
2019-07-23 21:11:20.379 DEBUG 10816 --- [http-nio-8089-exec-6] m.m.a.RequestResponseBodyMethodProcessor : Read "application/json;charset=UTF-8" to [Todo(id=402881e56c1ef1f7016c1ef443ab0005, title=4, complete=true)]
2019-07-23 21:11:20.385 DEBUG 10816 --- [http-nio-8089-exec-6] m.m.a.RequestResponseBodyMethodProcessor : Using 'application/json', given [application/json, text/plain, */*] and supported [application/json, application/*+json, application/json, application/*+json]
2019-07-23 21:11:20.385 DEBUG 10816 --- [http-nio-8089-exec-6] m.m.a.RequestResponseBodyMethodProcessor : Writing [Todo(id=402881e56c1ef1f7016c1ef443ab0005, title=4, complete=true)]
2019-07-23 21:11:20.385 DEBUG 10816 --- [http-nio-8089-exec-6] o.s.web.servlet.DispatcherServlet        : Completed 200 OK
2019-07-23 21:11:20.389 DEBUG 10816 --- [http-nio-8089-exec-7] o.s.web.servlet.DispatcherServlet        : GET "/todos", parameters={}
2019-07-23 21:11:20.391 DEBUG 10816 --- [http-nio-8089-exec-7] s.w.s.m.m.a.RequestMappingHandlerMapping : Mapped to public java.util.List<com.thoughtworks.parking_lot.entity.Todo> com.thoughtworks.parking_lot.controller.TodoController.loadAllTodos()
2019-07-23 21:11:20.395 DEBUG 10816 --- [http-nio-8089-exec-7] m.m.a.RequestResponseBodyMethodProcessor : Using 'application/json', given [application/json, text/plain, */*] and supported [application/json, application/*+json, application/json, application/*+json]
2019-07-23 21:11:20.395 DEBUG 10816 --- [http-nio-8089-exec-7] m.m.a.RequestResponseBodyMethodProcessor : Writing [[Todo(id=402881e56c1ef1f7016c1ef3f67e0000, title=hhh, complete=true), Todo(id=402881e56c1ef1f7016c1e (truncated)...]
2019-07-23 21:11:20.396 DEBUG 10816 --- [http-nio-8089-exec-7] o.s.web.servlet.DispatcherServlet        : Completed 200 OK
2019-07-23 21:11:20.530 DEBUG 10816 --- [http-nio-8089-exec-8] o.s.web.servlet.DispatcherServlet        : PUT "/todos/402881e56c1ef1f7016c1ef443ab0005", parameters={}
2019-07-23 21:11:20.530 DEBUG 10816 --- [http-nio-8089-exec-8] s.w.s.m.m.a.RequestMappingHandlerMapping : Mapped to public com.thoughtworks.parking_lot.entity.Todo com.thoughtworks.parking_lot.controller.TodoController.update(java.lang.String,com.thoughtworks.parking_lot.entity.Todo)
2019-07-23 21:11:20.531 DEBUG 10816 --- [http-nio-8089-exec-8] m.m.a.RequestResponseBodyMethodProcessor : Read "application/json;charset=UTF-8" to [Todo(id=402881e56c1ef1f7016c1ef443ab0005, title=4, complete=false)]
2019-07-23 21:11:20.534 DEBUG 10816 --- [http-nio-8089-exec-8] m.m.a.RequestResponseBodyMethodProcessor : Using 'application/json', given [application/json, text/plain, */*] and supported [application/json, application/*+json, application/json, application/*+json]
2019-07-23 21:11:20.534 DEBUG 10816 --- [http-nio-8089-exec-8] m.m.a.RequestResponseBodyMethodProcessor : Writing [Todo(id=402881e56c1ef1f7016c1ef443ab0005, title=4, complete=false)]
2019-07-23 21:11:20.534 DEBUG 10816 --- [http-nio-8089-exec-8] o.s.web.servlet.DispatcherServlet        : Completed 200 OK
2019-07-23 21:11:20.538 DEBUG 10816 --- [http-nio-8089-exec-9] o.s.web.servlet.DispatcherServlet        : GET "/todos", parameters={}
2019-07-23 21:11:20.538 DEBUG 10816 --- [http-nio-8089-exec-9] s.w.s.m.m.a.RequestMappingHandlerMapping : Mapped to public java.util.List<com.thoughtworks.parking_lot.entity.Todo> com.thoughtworks.parking_lot.controller.TodoController.loadAllTodos()
2019-07-23 21:11:20.540 DEBUG 10816 --- [http-nio-8089-exec-9] m.m.a.RequestResponseBodyMethodProcessor : Using 'application/json', given [application/json, text/plain, */*] and supported [application/json, application/*+json, application/json, application/*+json]
2019-07-23 21:11:20.540 DEBUG 10816 --- [http-nio-8089-exec-9] m.m.a.RequestResponseBodyMethodProcessor : Writing [[Todo(id=402881e56c1ef1f7016c1ef3f67e0000, title=hhh, complete=true), Todo(id=402881e56c1ef1f7016c1e (truncated)...]
2019-07-23 21:11:20.541 DEBUG 10816 --- [http-nio-8089-exec-9] o.s.web.servlet.DispatcherServlet        : Completed 200 OK
2019-07-23 21:11:20.693 DEBUG 10816 --- [http-nio-8089-exec-10] o.s.web.servlet.DispatcherServlet        : PUT "/todos/402881e56c1ef1f7016c1ef443ab0005", parameters={}
2019-07-23 21:11:20.696 DEBUG 10816 --- [http-nio-8089-exec-10] s.w.s.m.m.a.RequestMappingHandlerMapping : Mapped to public com.thoughtworks.parking_lot.entity.Todo com.thoughtworks.parking_lot.controller.TodoController.update(java.lang.String,com.thoughtworks.parking_lot.entity.Todo)
2019-07-23 21:11:20.699 DEBUG 10816 --- [http-nio-8089-exec-10] m.m.a.RequestResponseBodyMethodProcessor : Read "application/json;charset=UTF-8" to [Todo(id=402881e56c1ef1f7016c1ef443ab0005, title=4, complete=true)]
2019-07-23 21:11:20.702 DEBUG 10816 --- [http-nio-8089-exec-10] m.m.a.RequestResponseBodyMethodProcessor : Using 'application/json', given [application/json, text/plain, */*] and supported [application/json, application/*+json, application/json, application/*+json]
2019-07-23 21:11:20.702 DEBUG 10816 --- [http-nio-8089-exec-10] m.m.a.RequestResponseBodyMethodProcessor : Writing [Todo(id=402881e56c1ef1f7016c1ef443ab0005, title=4, complete=true)]
2019-07-23 21:11:20.702 DEBUG 10816 --- [http-nio-8089-exec-10] o.s.web.servlet.DispatcherServlet        : Completed 200 OK
2019-07-23 21:11:20.708 DEBUG 10816 --- [http-nio-8089-exec-1] o.s.web.servlet.DispatcherServlet        : GET "/todos", parameters={}
2019-07-23 21:11:20.709 DEBUG 10816 --- [http-nio-8089-exec-1] s.w.s.m.m.a.RequestMappingHandlerMapping : Mapped to public java.util.List<com.thoughtworks.parking_lot.entity.Todo> com.thoughtworks.parking_lot.controller.TodoController.loadAllTodos()
2019-07-23 21:11:20.711 DEBUG 10816 --- [http-nio-8089-exec-1] m.m.a.RequestResponseBodyMethodProcessor : Using 'application/json', given [application/json, text/plain, */*] and supported [application/json, application/*+json, application/json, application/*+json]
2019-07-23 21:11:20.711 DEBUG 10816 --- [http-nio-8089-exec-1] m.m.a.RequestResponseBodyMethodProcessor : Writing [[Todo(id=402881e56c1ef1f7016c1ef3f67e0000, title=hhh, complete=true), Todo(id=402881e56c1ef1f7016c1e (truncated)...]
2019-07-23 21:11:20.712 DEBUG 10816 --- [http-nio-8089-exec-1] o.s.web.servlet.DispatcherServlet        : Completed 200 OK
2019-07-23 21:11:21.811 DEBUG 10816 --- [http-nio-8089-exec-2] o.s.web.servlet.DispatcherServlet        : OPTIONS "/todos/402881e56c1ef47f016c1ef4b0e60000", parameters={}
2019-07-23 21:11:21.812 DEBUG 10816 --- [http-nio-8089-exec-2] s.w.s.m.m.a.RequestMappingHandlerMapping : Mapped to public com.thoughtworks.parking_lot.entity.Todo com.thoughtworks.parking_lot.controller.TodoController.update(java.lang.String,com.thoughtworks.parking_lot.entity.Todo)
2019-07-23 21:11:21.813 DEBUG 10816 --- [http-nio-8089-exec-2] o.s.web.servlet.DispatcherServlet        : Completed 200 OK
2019-07-23 21:11:21.819 DEBUG 10816 --- [http-nio-8089-exec-3] o.s.web.servlet.DispatcherServlet        : PUT "/todos/402881e56c1ef47f016c1ef4b0e60000", parameters={}
2019-07-23 21:11:21.822 DEBUG 10816 --- [http-nio-8089-exec-3] s.w.s.m.m.a.RequestMappingHandlerMapping : Mapped to public com.thoughtworks.parking_lot.entity.Todo com.thoughtworks.parking_lot.controller.TodoController.update(java.lang.String,com.thoughtworks.parking_lot.entity.Todo)
2019-07-23 21:11:21.823 DEBUG 10816 --- [http-nio-8089-exec-3] m.m.a.RequestResponseBodyMethodProcessor : Read "application/json;charset=UTF-8" to [Todo(id=402881e56c1ef47f016c1ef4b0e60000, title=f, complete=true)]
2019-07-23 21:11:21.828 DEBUG 10816 --- [http-nio-8089-exec-3] m.m.a.RequestResponseBodyMethodProcessor : Using 'application/json', given [application/json, text/plain, */*] and supported [application/json, application/*+json, application/json, application/*+json]
2019-07-23 21:11:21.828 DEBUG 10816 --- [http-nio-8089-exec-3] m.m.a.RequestResponseBodyMethodProcessor : Writing [Todo(id=402881e56c1ef47f016c1ef4b0e60000, title=f, complete=true)]
2019-07-23 21:11:21.829 DEBUG 10816 --- [http-nio-8089-exec-3] o.s.web.servlet.DispatcherServlet        : Completed 200 OK
2019-07-23 21:11:21.835 DEBUG 10816 --- [http-nio-8089-exec-4] o.s.web.servlet.DispatcherServlet        : GET "/todos", parameters={}
2019-07-23 21:11:21.835 DEBUG 10816 --- [http-nio-8089-exec-4] s.w.s.m.m.a.RequestMappingHandlerMapping : Mapped to public java.util.List<com.thoughtworks.parking_lot.entity.Todo> com.thoughtworks.parking_lot.controller.TodoController.loadAllTodos()
2019-07-23 21:11:21.837 DEBUG 10816 --- [http-nio-8089-exec-4] m.m.a.RequestResponseBodyMethodProcessor : Using 'application/json', given [application/json, text/plain, */*] and supported [application/json, application/*+json, application/json, application/*+json]
2019-07-23 21:11:21.838 DEBUG 10816 --- [http-nio-8089-exec-4] m.m.a.RequestResponseBodyMethodProcessor : Writing [[Todo(id=402881e56c1ef1f7016c1ef3f67e0000, title=hhh, complete=true), Todo(id=402881e56c1ef1f7016c1e (truncated)...]
2019-07-23 21:11:21.841 DEBUG 10816 --- [http-nio-8089-exec-4] o.s.web.servlet.DispatcherServlet        : Completed 200 OK
2019-07-23 21:11:39.212  INFO 10816 --- [Thread-11] o.s.s.concurrent.ThreadPoolTaskExecutor  : Shutting down ExecutorService 'applicationTaskExecutor'
2019-07-23 21:11:39.215  INFO 10816 --- [Thread-11] j.LocalContainerEntityManagerFactoryBean : Closing JPA EntityManagerFactory for persistence unit 'default'
2019-07-23 21:11:39.218  INFO 10816 --- [Thread-11] com.zaxxer.hikari.HikariDataSource       : HikariPool-1 - Shutdown initiated...
2019-07-23 21:11:39.219  INFO 10816 --- [Thread-11] com.zaxxer.hikari.HikariDataSource       : HikariPool-1 - Shutdown completed.
